ARM GAS  C:\Users\Eemeli\AppData\Local\Temp\ccVW2X4W.s 			page 1


   1              		.cpu cortex-m3
   2              		.eabi_attribute 20, 1
   3              		.eabi_attribute 21, 1
   4              		.eabi_attribute 23, 3
   5              		.eabi_attribute 24, 1
   6              		.eabi_attribute 25, 1
   7              		.eabi_attribute 26, 1
   8              		.eabi_attribute 30, 2
   9              		.eabi_attribute 34, 1
  10              		.eabi_attribute 18, 4
  11              		.file	"gpio.c"
  12              		.text
  13              	.Ltext0:
  14              		.cfi_sections	.debug_frame
  15              		.section	.text.MX_GPIO_Init,"ax",%progbits
  16              		.align	1
  17              		.p2align 2,,3
  18              		.global	MX_GPIO_Init
  19              		.arch armv7-m
  20              		.syntax unified
  21              		.thumb
  22              		.thumb_func
  23              		.fpu softvfp
  25              	MX_GPIO_Init:
  26              	.LFB66:
  27              		.file 1 "Src/gpio.c"
   1:Src/gpio.c    **** /**
   2:Src/gpio.c    ****   ******************************************************************************
   3:Src/gpio.c    ****   * File Name          : gpio.c
   4:Src/gpio.c    ****   * Description        : This file provides code for the configuration
   5:Src/gpio.c    ****   *                      of all used GPIO pins.
   6:Src/gpio.c    ****   ******************************************************************************
   7:Src/gpio.c    ****   ** This notice applies to any and all portions of this file
   8:Src/gpio.c    ****   * that are not between comment pairs USER CODE BEGIN and
   9:Src/gpio.c    ****   * USER CODE END. Other portions of this file, whether 
  10:Src/gpio.c    ****   * inserted by the user or by software development tools
  11:Src/gpio.c    ****   * are owned by their respective copyright owners.
  12:Src/gpio.c    ****   *
  13:Src/gpio.c    ****   * COPYRIGHT(c) 2019 STMicroelectronics
  14:Src/gpio.c    ****   *
  15:Src/gpio.c    ****   * Redistribution and use in source and binary forms, with or without modification,
  16:Src/gpio.c    ****   * are permitted provided that the following conditions are met:
  17:Src/gpio.c    ****   *   1. Redistributions of source code must retain the above copyright notice,
  18:Src/gpio.c    ****   *      this list of conditions and the following disclaimer.
  19:Src/gpio.c    ****   *   2. Redistributions in binary form must reproduce the above copyright notice,
  20:Src/gpio.c    ****   *      this list of conditions and the following disclaimer in the documentation
  21:Src/gpio.c    ****   *      and/or other materials provided with the distribution.
  22:Src/gpio.c    ****   *   3. Neither the name of STMicroelectronics nor the names of its contributors
  23:Src/gpio.c    ****   *      may be used to endorse or promote products derived from this software
  24:Src/gpio.c    ****   *      without specific prior written permission.
  25:Src/gpio.c    ****   *
  26:Src/gpio.c    ****   * THIS SOFTWARE IS PROVIDED BY THE COPYRIGHT HOLDERS AND CONTRIBUTORS "AS IS"
  27:Src/gpio.c    ****   * AND ANY EXPRESS OR IMPLIED WARRANTIES, INCLUDING, BUT NOT LIMITED TO, THE
  28:Src/gpio.c    ****   * IMPLIED WARRANTIES OF MERCHANTABILITY AND FITNESS FOR A PARTICULAR PURPOSE ARE
  29:Src/gpio.c    ****   * DISCLAIMED. IN NO EVENT SHALL THE COPYRIGHT HOLDER OR CONTRIBUTORS BE LIABLE
  30:Src/gpio.c    ****   * FOR ANY DIRECT, INDIRECT, INCIDENTAL, SPECIAL, EXEMPLARY, OR CONSEQUENTIAL
  31:Src/gpio.c    ****   * DAMAGES (INCLUDING, BUT NOT LIMITED TO, PROCUREMENT OF SUBSTITUTE GOODS OR
ARM GAS  C:\Users\Eemeli\AppData\Local\Temp\ccVW2X4W.s 			page 2


  32:Src/gpio.c    ****   * SERVICES; LOSS OF USE, DATA, OR PROFITS; OR BUSINESS INTERRUPTION) HOWEVER
  33:Src/gpio.c    ****   * CAUSED AND ON ANY THEORY OF LIABILITY, WHETHER IN CONTRACT, STRICT LIABILITY,
  34:Src/gpio.c    ****   * OR TORT (INCLUDING NEGLIGENCE OR OTHERWISE) ARISING IN ANY WAY OUT OF THE USE
  35:Src/gpio.c    ****   * OF THIS SOFTWARE, EVEN IF ADVISED OF THE POSSIBILITY OF SUCH DAMAGE.
  36:Src/gpio.c    ****   *
  37:Src/gpio.c    ****   ******************************************************************************
  38:Src/gpio.c    ****   */
  39:Src/gpio.c    **** 
  40:Src/gpio.c    **** /* Includes ------------------------------------------------------------------*/
  41:Src/gpio.c    **** #include "gpio.h"
  42:Src/gpio.c    **** /* USER CODE BEGIN 0 */
  43:Src/gpio.c    **** 
  44:Src/gpio.c    **** /* USER CODE END 0 */
  45:Src/gpio.c    **** 
  46:Src/gpio.c    **** /*----------------------------------------------------------------------------*/
  47:Src/gpio.c    **** /* Configure GPIO                                                             */
  48:Src/gpio.c    **** /*----------------------------------------------------------------------------*/
  49:Src/gpio.c    **** /* USER CODE BEGIN 1 */
  50:Src/gpio.c    **** 
  51:Src/gpio.c    **** /* USER CODE END 1 */
  52:Src/gpio.c    **** 
  53:Src/gpio.c    **** /** Configure pins as 
  54:Src/gpio.c    ****         * Analog 
  55:Src/gpio.c    ****         * Input 
  56:Src/gpio.c    ****         * Output
  57:Src/gpio.c    ****         * EVENT_OUT
  58:Src/gpio.c    ****         * EXTI
  59:Src/gpio.c    **** */
  60:Src/gpio.c    **** void MX_GPIO_Init(void)
  61:Src/gpio.c    **** {
  28              		.loc 1 61 1 view -0
  29              		.cfi_startproc
  30              		@ args = 0, pretend = 0, frame = 8
  31              		@ frame_needed = 0, uses_anonymous_args = 0
  32              		@ link register save eliminated.
  62:Src/gpio.c    **** 
  63:Src/gpio.c    ****   /* GPIO Ports Clock Enable */
  64:Src/gpio.c    ****   __HAL_RCC_GPIOD_CLK_ENABLE();
  33              		.loc 1 64 3 view .LVU1
  34              	.LBB2:
  35              		.loc 1 64 3 view .LVU2
  36              		.loc 1 64 3 view .LVU3
  37 0000 0A4B     		ldr	r3, .L4
  38              	.LBE2:
  61:Src/gpio.c    **** 
  39              		.loc 1 61 1 is_stmt 0 view .LVU4
  40 0002 82B0     		sub	sp, sp, #8
  41              	.LCFI0:
  42              		.cfi_def_cfa_offset 8
  43              	.LBB3:
  44              		.loc 1 64 3 view .LVU5
  45 0004 9A69     		ldr	r2, [r3, #24]
  46 0006 42F02002 		orr	r2, r2, #32
  47 000a 9A61     		str	r2, [r3, #24]
  48              		.loc 1 64 3 is_stmt 1 view .LVU6
  49 000c 9A69     		ldr	r2, [r3, #24]
  50 000e 02F02002 		and	r2, r2, #32
ARM GAS  C:\Users\Eemeli\AppData\Local\Temp\ccVW2X4W.s 			page 3


  51 0012 0092     		str	r2, [sp]
  52              		.loc 1 64 3 view .LVU7
  53 0014 009A     		ldr	r2, [sp]
  54              	.LBE3:
  65:Src/gpio.c    ****   __HAL_RCC_GPIOA_CLK_ENABLE();
  55              		.loc 1 65 3 view .LVU8
  56              	.LBB4:
  57              		.loc 1 65 3 view .LVU9
  58              		.loc 1 65 3 view .LVU10
  59 0016 9A69     		ldr	r2, [r3, #24]
  60 0018 42F00402 		orr	r2, r2, #4
  61 001c 9A61     		str	r2, [r3, #24]
  62              		.loc 1 65 3 view .LVU11
  63 001e 9B69     		ldr	r3, [r3, #24]
  64 0020 03F00403 		and	r3, r3, #4
  65 0024 0193     		str	r3, [sp, #4]
  66              		.loc 1 65 3 view .LVU12
  67 0026 019B     		ldr	r3, [sp, #4]
  68              	.LBE4:
  66:Src/gpio.c    **** 
  67:Src/gpio.c    **** }
  69              		.loc 1 67 1 is_stmt 0 view .LVU13
  70 0028 02B0     		add	sp, sp, #8
  71              	.LCFI1:
  72              		.cfi_def_cfa_offset 0
  73              		@ sp needed
  74 002a 7047     		bx	lr
  75              	.L5:
  76              		.align	2
  77              	.L4:
  78 002c 00100240 		.word	1073876992
  79              		.cfi_endproc
  80              	.LFE66:
  82              		.text
  83              	.Letext0:
  84              		.file 2 "d:\\vsarm\\armcc\\arm-none-eabi\\include\\machine\\_default_types.h"
  85              		.file 3 "d:\\vsarm\\armcc\\arm-none-eabi\\include\\sys\\_stdint.h"
  86              		.file 4 "Drivers/CMSIS/Include/core_cm3.h"
  87              		.file 5 "Drivers/CMSIS/Device/ST/STM32F1xx/Include/system_stm32f1xx.h"
  88              		.file 6 "Drivers/CMSIS/Device/ST/STM32F1xx/Include/stm32f103xb.h"
  89              		.file 7 "d:\\vsarm\\armcc\\arm-none-eabi\\include\\sys\\lock.h"
  90              		.file 8 "d:\\vsarm\\armcc\\arm-none-eabi\\include\\sys\\_types.h"
  91              		.file 9 "d:\\vsarm\\armcc\\lib\\gcc\\arm-none-eabi\\8.2.1\\include\\stddef.h"
  92              		.file 10 "d:\\vsarm\\armcc\\arm-none-eabi\\include\\sys\\reent.h"
  93              		.file 11 "Drivers/STM32F1xx_HAL_Driver/Inc/stm32f1xx_hal.h"
ARM GAS  C:\Users\Eemeli\AppData\Local\Temp\ccVW2X4W.s 			page 4


DEFINED SYMBOLS
                            *ABS*:0000000000000000 gpio.c
C:\Users\Eemeli\AppData\Local\Temp\ccVW2X4W.s:16     .text.MX_GPIO_Init:0000000000000000 $t
C:\Users\Eemeli\AppData\Local\Temp\ccVW2X4W.s:25     .text.MX_GPIO_Init:0000000000000000 MX_GPIO_Init
C:\Users\Eemeli\AppData\Local\Temp\ccVW2X4W.s:78     .text.MX_GPIO_Init:000000000000002c $d

NO UNDEFINED SYMBOLS
