ARM GAS  C:\Users\Eemeli\AppData\Local\Temp\ccbgRL7Y.s 			page 1


   1              		.cpu cortex-m3
   2              		.eabi_attribute 20, 1
   3              		.eabi_attribute 21, 1
   4              		.eabi_attribute 23, 3
   5              		.eabi_attribute 24, 1
   6              		.eabi_attribute 25, 1
   7              		.eabi_attribute 26, 1
   8              		.eabi_attribute 30, 2
   9              		.eabi_attribute 34, 1
  10              		.eabi_attribute 18, 4
  11              		.file	"stm32f1xx_hal_msp.c"
  12              		.text
  13              	.Ltext0:
  14              		.cfi_sections	.debug_frame
  15              		.section	.text.HAL_MspInit,"ax",%progbits
  16              		.align	1
  17              		.p2align 2,,3
  18              		.global	HAL_MspInit
  19              		.arch armv7-m
  20              		.syntax unified
  21              		.thumb
  22              		.thumb_func
  23              		.fpu softvfp
  25              	HAL_MspInit:
  26              	.LFB66:
  27              		.file 1 "Src/stm32f1xx_hal_msp.c"
   1:Src/stm32f1xx_hal_msp.c **** /* USER CODE BEGIN Header */
   2:Src/stm32f1xx_hal_msp.c **** /**
   3:Src/stm32f1xx_hal_msp.c ****   ******************************************************************************
   4:Src/stm32f1xx_hal_msp.c ****   * File Name          : stm32f1xx_hal_msp.c
   5:Src/stm32f1xx_hal_msp.c ****   * Description        : This file provides code for the MSP Initialization 
   6:Src/stm32f1xx_hal_msp.c ****   *                      and de-Initialization codes.
   7:Src/stm32f1xx_hal_msp.c ****   ******************************************************************************
   8:Src/stm32f1xx_hal_msp.c ****   ** This notice applies to any and all portions of this file
   9:Src/stm32f1xx_hal_msp.c ****   * that are not between comment pairs USER CODE BEGIN and
  10:Src/stm32f1xx_hal_msp.c ****   * USER CODE END. Other portions of this file, whether 
  11:Src/stm32f1xx_hal_msp.c ****   * inserted by the user or by software development tools
  12:Src/stm32f1xx_hal_msp.c ****   * are owned by their respective copyright owners.
  13:Src/stm32f1xx_hal_msp.c ****   *
  14:Src/stm32f1xx_hal_msp.c ****   * COPYRIGHT(c) 2019 STMicroelectronics
  15:Src/stm32f1xx_hal_msp.c ****   *
  16:Src/stm32f1xx_hal_msp.c ****   * Redistribution and use in source and binary forms, with or without modification,
  17:Src/stm32f1xx_hal_msp.c ****   * are permitted provided that the following conditions are met:
  18:Src/stm32f1xx_hal_msp.c ****   *   1. Redistributions of source code must retain the above copyright notice,
  19:Src/stm32f1xx_hal_msp.c ****   *      this list of conditions and the following disclaimer.
  20:Src/stm32f1xx_hal_msp.c ****   *   2. Redistributions in binary form must reproduce the above copyright notice,
  21:Src/stm32f1xx_hal_msp.c ****   *      this list of conditions and the following disclaimer in the documentation
  22:Src/stm32f1xx_hal_msp.c ****   *      and/or other materials provided with the distribution.
  23:Src/stm32f1xx_hal_msp.c ****   *   3. Neither the name of STMicroelectronics nor the names of its contributors
  24:Src/stm32f1xx_hal_msp.c ****   *      may be used to endorse or promote products derived from this software
  25:Src/stm32f1xx_hal_msp.c ****   *      without specific prior written permission.
  26:Src/stm32f1xx_hal_msp.c ****   *
  27:Src/stm32f1xx_hal_msp.c ****   * THIS SOFTWARE IS PROVIDED BY THE COPYRIGHT HOLDERS AND CONTRIBUTORS "AS IS"
  28:Src/stm32f1xx_hal_msp.c ****   * AND ANY EXPRESS OR IMPLIED WARRANTIES, INCLUDING, BUT NOT LIMITED TO, THE
  29:Src/stm32f1xx_hal_msp.c ****   * IMPLIED WARRANTIES OF MERCHANTABILITY AND FITNESS FOR A PARTICULAR PURPOSE ARE
  30:Src/stm32f1xx_hal_msp.c ****   * DISCLAIMED. IN NO EVENT SHALL THE COPYRIGHT HOLDER OR CONTRIBUTORS BE LIABLE
  31:Src/stm32f1xx_hal_msp.c ****   * FOR ANY DIRECT, INDIRECT, INCIDENTAL, SPECIAL, EXEMPLARY, OR CONSEQUENTIAL
ARM GAS  C:\Users\Eemeli\AppData\Local\Temp\ccbgRL7Y.s 			page 2


  32:Src/stm32f1xx_hal_msp.c ****   * DAMAGES (INCLUDING, BUT NOT LIMITED TO, PROCUREMENT OF SUBSTITUTE GOODS OR
  33:Src/stm32f1xx_hal_msp.c ****   * SERVICES; LOSS OF USE, DATA, OR PROFITS; OR BUSINESS INTERRUPTION) HOWEVER
  34:Src/stm32f1xx_hal_msp.c ****   * CAUSED AND ON ANY THEORY OF LIABILITY, WHETHER IN CONTRACT, STRICT LIABILITY,
  35:Src/stm32f1xx_hal_msp.c ****   * OR TORT (INCLUDING NEGLIGENCE OR OTHERWISE) ARISING IN ANY WAY OUT OF THE USE
  36:Src/stm32f1xx_hal_msp.c ****   * OF THIS SOFTWARE, EVEN IF ADVISED OF THE POSSIBILITY OF SUCH DAMAGE.
  37:Src/stm32f1xx_hal_msp.c ****   *
  38:Src/stm32f1xx_hal_msp.c ****   ******************************************************************************
  39:Src/stm32f1xx_hal_msp.c ****   */
  40:Src/stm32f1xx_hal_msp.c **** /* USER CODE END Header */
  41:Src/stm32f1xx_hal_msp.c **** 
  42:Src/stm32f1xx_hal_msp.c **** /* Includes ------------------------------------------------------------------*/
  43:Src/stm32f1xx_hal_msp.c **** #include "main.h"
  44:Src/stm32f1xx_hal_msp.c **** /* USER CODE BEGIN Includes */
  45:Src/stm32f1xx_hal_msp.c **** 
  46:Src/stm32f1xx_hal_msp.c **** /* USER CODE END Includes */
  47:Src/stm32f1xx_hal_msp.c **** 
  48:Src/stm32f1xx_hal_msp.c **** /* Private typedef -----------------------------------------------------------*/
  49:Src/stm32f1xx_hal_msp.c **** /* USER CODE BEGIN TD */
  50:Src/stm32f1xx_hal_msp.c **** 
  51:Src/stm32f1xx_hal_msp.c **** /* USER CODE END TD */
  52:Src/stm32f1xx_hal_msp.c **** 
  53:Src/stm32f1xx_hal_msp.c **** /* Private define ------------------------------------------------------------*/
  54:Src/stm32f1xx_hal_msp.c **** /* USER CODE BEGIN Define */
  55:Src/stm32f1xx_hal_msp.c ****  
  56:Src/stm32f1xx_hal_msp.c **** /* USER CODE END Define */
  57:Src/stm32f1xx_hal_msp.c **** 
  58:Src/stm32f1xx_hal_msp.c **** /* Private macro -------------------------------------------------------------*/
  59:Src/stm32f1xx_hal_msp.c **** /* USER CODE BEGIN Macro */
  60:Src/stm32f1xx_hal_msp.c **** 
  61:Src/stm32f1xx_hal_msp.c **** /* USER CODE END Macro */
  62:Src/stm32f1xx_hal_msp.c **** 
  63:Src/stm32f1xx_hal_msp.c **** /* Private variables ---------------------------------------------------------*/
  64:Src/stm32f1xx_hal_msp.c **** /* USER CODE BEGIN PV */
  65:Src/stm32f1xx_hal_msp.c **** 
  66:Src/stm32f1xx_hal_msp.c **** /* USER CODE END PV */
  67:Src/stm32f1xx_hal_msp.c **** 
  68:Src/stm32f1xx_hal_msp.c **** /* Private function prototypes -----------------------------------------------*/
  69:Src/stm32f1xx_hal_msp.c **** /* USER CODE BEGIN PFP */
  70:Src/stm32f1xx_hal_msp.c **** 
  71:Src/stm32f1xx_hal_msp.c **** /* USER CODE END PFP */
  72:Src/stm32f1xx_hal_msp.c **** 
  73:Src/stm32f1xx_hal_msp.c **** /* External functions --------------------------------------------------------*/
  74:Src/stm32f1xx_hal_msp.c **** /* USER CODE BEGIN ExternalFunctions */
  75:Src/stm32f1xx_hal_msp.c **** 
  76:Src/stm32f1xx_hal_msp.c **** /* USER CODE END ExternalFunctions */
  77:Src/stm32f1xx_hal_msp.c **** 
  78:Src/stm32f1xx_hal_msp.c **** /* USER CODE BEGIN 0 */
  79:Src/stm32f1xx_hal_msp.c **** 
  80:Src/stm32f1xx_hal_msp.c **** /* USER CODE END 0 */
  81:Src/stm32f1xx_hal_msp.c **** /**
  82:Src/stm32f1xx_hal_msp.c ****   * Initializes the Global MSP.
  83:Src/stm32f1xx_hal_msp.c ****   */
  84:Src/stm32f1xx_hal_msp.c **** void HAL_MspInit(void)
  85:Src/stm32f1xx_hal_msp.c **** {
  28              		.loc 1 85 1 view -0
  29              		.cfi_startproc
  30              		@ args = 0, pretend = 0, frame = 8
ARM GAS  C:\Users\Eemeli\AppData\Local\Temp\ccbgRL7Y.s 			page 3


  31              		@ frame_needed = 0, uses_anonymous_args = 0
  32              		@ link register save eliminated.
  86:Src/stm32f1xx_hal_msp.c ****   /* USER CODE BEGIN MspInit 0 */
  87:Src/stm32f1xx_hal_msp.c **** 
  88:Src/stm32f1xx_hal_msp.c ****   /* USER CODE END MspInit 0 */
  89:Src/stm32f1xx_hal_msp.c **** 
  90:Src/stm32f1xx_hal_msp.c ****   __HAL_RCC_AFIO_CLK_ENABLE();
  33              		.loc 1 90 3 view .LVU1
  34              	.LBB2:
  35              		.loc 1 90 3 view .LVU2
  36              		.loc 1 90 3 view .LVU3
  37 0000 0E4B     		ldr	r3, .L4
  38              	.LBE2:
  85:Src/stm32f1xx_hal_msp.c ****   /* USER CODE BEGIN MspInit 0 */
  39              		.loc 1 85 1 is_stmt 0 view .LVU4
  40 0002 82B0     		sub	sp, sp, #8
  41              	.LCFI0:
  42              		.cfi_def_cfa_offset 8
  43              	.LBB3:
  44              		.loc 1 90 3 view .LVU5
  45 0004 9A69     		ldr	r2, [r3, #24]
  46              	.LBE3:
  47              	.LBB4:
  91:Src/stm32f1xx_hal_msp.c ****   __HAL_RCC_PWR_CLK_ENABLE();
  92:Src/stm32f1xx_hal_msp.c **** 
  93:Src/stm32f1xx_hal_msp.c ****   /* System interrupt init*/
  94:Src/stm32f1xx_hal_msp.c **** 
  95:Src/stm32f1xx_hal_msp.c ****   /**NOJTAG: JTAG-DP Disabled and SW-DP Enabled 
  96:Src/stm32f1xx_hal_msp.c ****   */
  97:Src/stm32f1xx_hal_msp.c ****   __HAL_AFIO_REMAP_SWJ_NOJTAG();
  48              		.loc 1 97 3 view .LVU6
  49 0006 0E49     		ldr	r1, .L4+4
  50              	.LBE4:
  51              	.LBB5:
  90:Src/stm32f1xx_hal_msp.c ****   __HAL_RCC_PWR_CLK_ENABLE();
  52              		.loc 1 90 3 view .LVU7
  53 0008 42F00102 		orr	r2, r2, #1
  54 000c 9A61     		str	r2, [r3, #24]
  90:Src/stm32f1xx_hal_msp.c ****   __HAL_RCC_PWR_CLK_ENABLE();
  55              		.loc 1 90 3 is_stmt 1 view .LVU8
  56 000e 9A69     		ldr	r2, [r3, #24]
  57 0010 02F00102 		and	r2, r2, #1
  58 0014 0092     		str	r2, [sp]
  90:Src/stm32f1xx_hal_msp.c ****   __HAL_RCC_PWR_CLK_ENABLE();
  59              		.loc 1 90 3 view .LVU9
  60 0016 009A     		ldr	r2, [sp]
  61              	.LBE5:
  91:Src/stm32f1xx_hal_msp.c ****   __HAL_RCC_PWR_CLK_ENABLE();
  62              		.loc 1 91 3 view .LVU10
  63              	.LBB6:
  91:Src/stm32f1xx_hal_msp.c ****   __HAL_RCC_PWR_CLK_ENABLE();
  64              		.loc 1 91 3 view .LVU11
  91:Src/stm32f1xx_hal_msp.c ****   __HAL_RCC_PWR_CLK_ENABLE();
  65              		.loc 1 91 3 view .LVU12
  66 0018 DA69     		ldr	r2, [r3, #28]
  67 001a 42F08052 		orr	r2, r2, #268435456
  68 001e DA61     		str	r2, [r3, #28]
ARM GAS  C:\Users\Eemeli\AppData\Local\Temp\ccbgRL7Y.s 			page 4


  91:Src/stm32f1xx_hal_msp.c ****   __HAL_RCC_PWR_CLK_ENABLE();
  69              		.loc 1 91 3 view .LVU13
  70 0020 DB69     		ldr	r3, [r3, #28]
  71 0022 03F08053 		and	r3, r3, #268435456
  72 0026 0193     		str	r3, [sp, #4]
  91:Src/stm32f1xx_hal_msp.c ****   __HAL_RCC_PWR_CLK_ENABLE();
  73              		.loc 1 91 3 view .LVU14
  74 0028 019B     		ldr	r3, [sp, #4]
  75              	.LBE6:
  76              		.loc 1 97 3 view .LVU15
  77              	.LBB7:
  78              		.loc 1 97 3 view .LVU16
  79 002a 4B68     		ldr	r3, [r1, #4]
  80              	.LVL0:
  81              		.loc 1 97 3 view .LVU17
  82 002c 23F0E063 		bic	r3, r3, #117440512
  83              	.LVL1:
  84              		.loc 1 97 3 view .LVU18
  85 0030 43F00073 		orr	r3, r3, #33554432
  86              	.LVL2:
  87              		.loc 1 97 3 view .LVU19
  88 0034 4B60     		str	r3, [r1, #4]
  89              	.LBE7:
  98:Src/stm32f1xx_hal_msp.c **** 
  99:Src/stm32f1xx_hal_msp.c ****   /* USER CODE BEGIN MspInit 1 */
 100:Src/stm32f1xx_hal_msp.c **** 
 101:Src/stm32f1xx_hal_msp.c ****   /* USER CODE END MspInit 1 */
 102:Src/stm32f1xx_hal_msp.c **** }
  90              		.loc 1 102 1 is_stmt 0 view .LVU20
  91 0036 02B0     		add	sp, sp, #8
  92              	.LCFI1:
  93              		.cfi_def_cfa_offset 0
  94              		@ sp needed
  95 0038 7047     		bx	lr
  96              	.L5:
  97 003a 00BF     		.align	2
  98              	.L4:
  99 003c 00100240 		.word	1073876992
 100 0040 00000140 		.word	1073807360
 101              		.cfi_endproc
 102              	.LFE66:
 104              		.text
 105              	.Letext0:
 106              		.file 2 "d:\\vsarm\\armcc\\arm-none-eabi\\include\\machine\\_default_types.h"
 107              		.file 3 "d:\\vsarm\\armcc\\arm-none-eabi\\include\\sys\\_stdint.h"
 108              		.file 4 "Drivers/CMSIS/Include/core_cm3.h"
 109              		.file 5 "Drivers/CMSIS/Device/ST/STM32F1xx/Include/system_stm32f1xx.h"
 110              		.file 6 "Drivers/CMSIS/Device/ST/STM32F1xx/Include/stm32f103xb.h"
 111              		.file 7 "d:\\vsarm\\armcc\\arm-none-eabi\\include\\sys\\lock.h"
 112              		.file 8 "d:\\vsarm\\armcc\\arm-none-eabi\\include\\sys\\_types.h"
 113              		.file 9 "d:\\vsarm\\armcc\\lib\\gcc\\arm-none-eabi\\8.2.1\\include\\stddef.h"
 114              		.file 10 "d:\\vsarm\\armcc\\arm-none-eabi\\include\\sys\\reent.h"
 115              		.file 11 "Drivers/STM32F1xx_HAL_Driver/Inc/stm32f1xx_hal.h"
ARM GAS  C:\Users\Eemeli\AppData\Local\Temp\ccbgRL7Y.s 			page 5


DEFINED SYMBOLS
                            *ABS*:0000000000000000 stm32f1xx_hal_msp.c
C:\Users\Eemeli\AppData\Local\Temp\ccbgRL7Y.s:16     .text.HAL_MspInit:0000000000000000 $t
C:\Users\Eemeli\AppData\Local\Temp\ccbgRL7Y.s:25     .text.HAL_MspInit:0000000000000000 HAL_MspInit
C:\Users\Eemeli\AppData\Local\Temp\ccbgRL7Y.s:99     .text.HAL_MspInit:000000000000003c $d

NO UNDEFINED SYMBOLS
