ARM GAS  C:\Users\Eemeli\AppData\Local\Temp\ccHWZyiV.s 			page 1


   1              		.cpu cortex-m3
   2              		.eabi_attribute 20, 1
   3              		.eabi_attribute 21, 1
   4              		.eabi_attribute 23, 3
   5              		.eabi_attribute 24, 1
   6              		.eabi_attribute 25, 1
   7              		.eabi_attribute 26, 1
   8              		.eabi_attribute 30, 2
   9              		.eabi_attribute 34, 1
  10              		.eabi_attribute 18, 4
  11              		.file	"stm32f1xx_it.c"
  12              		.text
  13              	.Ltext0:
  14              		.cfi_sections	.debug_frame
  15              		.section	.text.NMI_Handler,"ax",%progbits
  16              		.align	1
  17              		.p2align 2,,3
  18              		.global	NMI_Handler
  19              		.arch armv7-m
  20              		.syntax unified
  21              		.thumb
  22              		.thumb_func
  23              		.fpu softvfp
  25              	NMI_Handler:
  26              	.LFB66:
  27              		.file 1 "Src/stm32f1xx_it.c"
   1:Src/stm32f1xx_it.c **** /* USER CODE BEGIN Header */
   2:Src/stm32f1xx_it.c **** /**
   3:Src/stm32f1xx_it.c ****   ******************************************************************************
   4:Src/stm32f1xx_it.c ****   * @file    stm32f1xx_it.c
   5:Src/stm32f1xx_it.c ****   * @brief   Interrupt Service Routines.
   6:Src/stm32f1xx_it.c ****   ******************************************************************************
   7:Src/stm32f1xx_it.c ****   *
   8:Src/stm32f1xx_it.c ****   * COPYRIGHT(c) 2019 STMicroelectronics
   9:Src/stm32f1xx_it.c ****   *
  10:Src/stm32f1xx_it.c ****   * Redistribution and use in source and binary forms, with or without modification,
  11:Src/stm32f1xx_it.c ****   * are permitted provided that the following conditions are met:
  12:Src/stm32f1xx_it.c ****   *   1. Redistributions of source code must retain the above copyright notice,
  13:Src/stm32f1xx_it.c ****   *      this list of conditions and the following disclaimer.
  14:Src/stm32f1xx_it.c ****   *   2. Redistributions in binary form must reproduce the above copyright notice,
  15:Src/stm32f1xx_it.c ****   *      this list of conditions and the following disclaimer in the documentation
  16:Src/stm32f1xx_it.c ****   *      and/or other materials provided with the distribution.
  17:Src/stm32f1xx_it.c ****   *   3. Neither the name of STMicroelectronics nor the names of its contributors
  18:Src/stm32f1xx_it.c ****   *      may be used to endorse or promote products derived from this software
  19:Src/stm32f1xx_it.c ****   *      without specific prior written permission.
  20:Src/stm32f1xx_it.c ****   *
  21:Src/stm32f1xx_it.c ****   * THIS SOFTWARE IS PROVIDED BY THE COPYRIGHT HOLDERS AND CONTRIBUTORS "AS IS"
  22:Src/stm32f1xx_it.c ****   * AND ANY EXPRESS OR IMPLIED WARRANTIES, INCLUDING, BUT NOT LIMITED TO, THE
  23:Src/stm32f1xx_it.c ****   * IMPLIED WARRANTIES OF MERCHANTABILITY AND FITNESS FOR A PARTICULAR PURPOSE ARE
  24:Src/stm32f1xx_it.c ****   * DISCLAIMED. IN NO EVENT SHALL THE COPYRIGHT HOLDER OR CONTRIBUTORS BE LIABLE
  25:Src/stm32f1xx_it.c ****   * FOR ANY DIRECT, INDIRECT, INCIDENTAL, SPECIAL, EXEMPLARY, OR CONSEQUENTIAL
  26:Src/stm32f1xx_it.c ****   * DAMAGES (INCLUDING, BUT NOT LIMITED TO, PROCUREMENT OF SUBSTITUTE GOODS OR
  27:Src/stm32f1xx_it.c ****   * SERVICES; LOSS OF USE, DATA, OR PROFITS; OR BUSINESS INTERRUPTION) HOWEVER
  28:Src/stm32f1xx_it.c ****   * CAUSED AND ON ANY THEORY OF LIABILITY, WHETHER IN CONTRACT, STRICT LIABILITY,
  29:Src/stm32f1xx_it.c ****   * OR TORT (INCLUDING NEGLIGENCE OR OTHERWISE) ARISING IN ANY WAY OUT OF THE USE
  30:Src/stm32f1xx_it.c ****   * OF THIS SOFTWARE, EVEN IF ADVISED OF THE POSSIBILITY OF SUCH DAMAGE.
  31:Src/stm32f1xx_it.c ****   *
ARM GAS  C:\Users\Eemeli\AppData\Local\Temp\ccHWZyiV.s 			page 2


  32:Src/stm32f1xx_it.c ****   ******************************************************************************
  33:Src/stm32f1xx_it.c ****   */
  34:Src/stm32f1xx_it.c **** /* USER CODE END Header */
  35:Src/stm32f1xx_it.c **** 
  36:Src/stm32f1xx_it.c **** /* Includes ------------------------------------------------------------------*/
  37:Src/stm32f1xx_it.c **** #include "main.h"
  38:Src/stm32f1xx_it.c **** #include "stm32f1xx_it.h"
  39:Src/stm32f1xx_it.c **** /* Private includes ----------------------------------------------------------*/
  40:Src/stm32f1xx_it.c **** /* USER CODE BEGIN Includes */
  41:Src/stm32f1xx_it.c **** /* USER CODE END Includes */
  42:Src/stm32f1xx_it.c **** 
  43:Src/stm32f1xx_it.c **** /* Private typedef -----------------------------------------------------------*/
  44:Src/stm32f1xx_it.c **** /* USER CODE BEGIN TD */
  45:Src/stm32f1xx_it.c **** 
  46:Src/stm32f1xx_it.c **** /* USER CODE END TD */
  47:Src/stm32f1xx_it.c **** 
  48:Src/stm32f1xx_it.c **** /* Private define ------------------------------------------------------------*/
  49:Src/stm32f1xx_it.c **** /* USER CODE BEGIN PD */
  50:Src/stm32f1xx_it.c ****  
  51:Src/stm32f1xx_it.c **** /* USER CODE END PD */
  52:Src/stm32f1xx_it.c **** 
  53:Src/stm32f1xx_it.c **** /* Private macro -------------------------------------------------------------*/
  54:Src/stm32f1xx_it.c **** /* USER CODE BEGIN PM */
  55:Src/stm32f1xx_it.c **** 
  56:Src/stm32f1xx_it.c **** /* USER CODE END PM */
  57:Src/stm32f1xx_it.c **** 
  58:Src/stm32f1xx_it.c **** /* Private variables ---------------------------------------------------------*/
  59:Src/stm32f1xx_it.c **** /* USER CODE BEGIN PV */
  60:Src/stm32f1xx_it.c **** 
  61:Src/stm32f1xx_it.c **** /* USER CODE END PV */
  62:Src/stm32f1xx_it.c **** 
  63:Src/stm32f1xx_it.c **** /* Private function prototypes -----------------------------------------------*/
  64:Src/stm32f1xx_it.c **** /* USER CODE BEGIN PFP */
  65:Src/stm32f1xx_it.c **** 
  66:Src/stm32f1xx_it.c **** /* USER CODE END PFP */
  67:Src/stm32f1xx_it.c **** 
  68:Src/stm32f1xx_it.c **** /* Private user code ---------------------------------------------------------*/
  69:Src/stm32f1xx_it.c **** /* USER CODE BEGIN 0 */
  70:Src/stm32f1xx_it.c **** 
  71:Src/stm32f1xx_it.c **** /* USER CODE END 0 */
  72:Src/stm32f1xx_it.c **** 
  73:Src/stm32f1xx_it.c **** /* External variables --------------------------------------------------------*/
  74:Src/stm32f1xx_it.c **** extern PCD_HandleTypeDef hpcd_USB_FS;
  75:Src/stm32f1xx_it.c **** /* USER CODE BEGIN EV */
  76:Src/stm32f1xx_it.c **** 
  77:Src/stm32f1xx_it.c **** /* USER CODE END EV */
  78:Src/stm32f1xx_it.c **** 
  79:Src/stm32f1xx_it.c **** /******************************************************************************/
  80:Src/stm32f1xx_it.c **** /*           Cortex-M3 Processor Interruption and Exception Handlers          */ 
  81:Src/stm32f1xx_it.c **** /******************************************************************************/
  82:Src/stm32f1xx_it.c **** /**
  83:Src/stm32f1xx_it.c ****   * @brief This function handles Non maskable interrupt.
  84:Src/stm32f1xx_it.c ****   */
  85:Src/stm32f1xx_it.c **** void NMI_Handler(void)
  86:Src/stm32f1xx_it.c **** {
  28              		.loc 1 86 1 view -0
  29              		.cfi_startproc
ARM GAS  C:\Users\Eemeli\AppData\Local\Temp\ccHWZyiV.s 			page 3


  30              		@ args = 0, pretend = 0, frame = 0
  31              		@ frame_needed = 0, uses_anonymous_args = 0
  32              		@ link register save eliminated.
  87:Src/stm32f1xx_it.c ****   /* USER CODE BEGIN NonMaskableInt_IRQn 0 */
  88:Src/stm32f1xx_it.c **** 
  89:Src/stm32f1xx_it.c ****   /* USER CODE END NonMaskableInt_IRQn 0 */
  90:Src/stm32f1xx_it.c ****   /* USER CODE BEGIN NonMaskableInt_IRQn 1 */
  91:Src/stm32f1xx_it.c **** 
  92:Src/stm32f1xx_it.c ****   /* USER CODE END NonMaskableInt_IRQn 1 */
  93:Src/stm32f1xx_it.c **** }
  33              		.loc 1 93 1 view .LVU1
  34 0000 7047     		bx	lr
  35              		.cfi_endproc
  36              	.LFE66:
  38 0002 00BF     		.section	.text.HardFault_Handler,"ax",%progbits
  39              		.align	1
  40              		.p2align 2,,3
  41              		.global	HardFault_Handler
  42              		.syntax unified
  43              		.thumb
  44              		.thumb_func
  45              		.fpu softvfp
  47              	HardFault_Handler:
  48              	.LFB67:
  94:Src/stm32f1xx_it.c **** 
  95:Src/stm32f1xx_it.c **** /**
  96:Src/stm32f1xx_it.c ****   * @brief This function handles Hard fault interrupt.
  97:Src/stm32f1xx_it.c ****   */
  98:Src/stm32f1xx_it.c **** void HardFault_Handler(void)
  99:Src/stm32f1xx_it.c **** {
  49              		.loc 1 99 1 view -0
  50              		.cfi_startproc
  51              		@ Volatile: function does not return.
  52              		@ args = 0, pretend = 0, frame = 0
  53              		@ frame_needed = 0, uses_anonymous_args = 0
  54              		@ link register save eliminated.
  55              	.L4:
 100:Src/stm32f1xx_it.c ****   /* USER CODE BEGIN HardFault_IRQn 0 */
 101:Src/stm32f1xx_it.c **** 
 102:Src/stm32f1xx_it.c ****   /* USER CODE END HardFault_IRQn 0 */
 103:Src/stm32f1xx_it.c ****   while (1)
  56              		.loc 1 103 3 discriminator 1 view .LVU3
 104:Src/stm32f1xx_it.c ****   {
 105:Src/stm32f1xx_it.c ****     /* USER CODE BEGIN W1_HardFault_IRQn 0 */
 106:Src/stm32f1xx_it.c ****     /* USER CODE END W1_HardFault_IRQn 0 */
 107:Src/stm32f1xx_it.c ****   }
  57              		.loc 1 107 3 discriminator 1 view .LVU4
  58 0000 FEE7     		b	.L4
  59              		.cfi_endproc
  60              	.LFE67:
  62 0002 00BF     		.section	.text.MemManage_Handler,"ax",%progbits
  63              		.align	1
  64              		.p2align 2,,3
  65              		.global	MemManage_Handler
  66              		.syntax unified
  67              		.thumb
  68              		.thumb_func
ARM GAS  C:\Users\Eemeli\AppData\Local\Temp\ccHWZyiV.s 			page 4


  69              		.fpu softvfp
  71              	MemManage_Handler:
  72              	.LFB68:
 108:Src/stm32f1xx_it.c **** }
 109:Src/stm32f1xx_it.c **** 
 110:Src/stm32f1xx_it.c **** /**
 111:Src/stm32f1xx_it.c ****   * @brief This function handles Memory management fault.
 112:Src/stm32f1xx_it.c ****   */
 113:Src/stm32f1xx_it.c **** void MemManage_Handler(void)
 114:Src/stm32f1xx_it.c **** {
  73              		.loc 1 114 1 view -0
  74              		.cfi_startproc
  75              		@ Volatile: function does not return.
  76              		@ args = 0, pretend = 0, frame = 0
  77              		@ frame_needed = 0, uses_anonymous_args = 0
  78              		@ link register save eliminated.
  79              	.L6:
 115:Src/stm32f1xx_it.c ****   /* USER CODE BEGIN MemoryManagement_IRQn 0 */
 116:Src/stm32f1xx_it.c **** 
 117:Src/stm32f1xx_it.c ****   /* USER CODE END MemoryManagement_IRQn 0 */
 118:Src/stm32f1xx_it.c ****   while (1)
  80              		.loc 1 118 3 discriminator 1 view .LVU6
 119:Src/stm32f1xx_it.c ****   {
 120:Src/stm32f1xx_it.c ****     /* USER CODE BEGIN W1_MemoryManagement_IRQn 0 */
 121:Src/stm32f1xx_it.c ****     /* USER CODE END W1_MemoryManagement_IRQn 0 */
 122:Src/stm32f1xx_it.c ****   }
  81              		.loc 1 122 3 discriminator 1 view .LVU7
  82 0000 FEE7     		b	.L6
  83              		.cfi_endproc
  84              	.LFE68:
  86 0002 00BF     		.section	.text.BusFault_Handler,"ax",%progbits
  87              		.align	1
  88              		.p2align 2,,3
  89              		.global	BusFault_Handler
  90              		.syntax unified
  91              		.thumb
  92              		.thumb_func
  93              		.fpu softvfp
  95              	BusFault_Handler:
  96              	.LFB69:
 123:Src/stm32f1xx_it.c **** }
 124:Src/stm32f1xx_it.c **** 
 125:Src/stm32f1xx_it.c **** /**
 126:Src/stm32f1xx_it.c ****   * @brief This function handles Prefetch fault, memory access fault.
 127:Src/stm32f1xx_it.c ****   */
 128:Src/stm32f1xx_it.c **** void BusFault_Handler(void)
 129:Src/stm32f1xx_it.c **** {
  97              		.loc 1 129 1 view -0
  98              		.cfi_startproc
  99              		@ Volatile: function does not return.
 100              		@ args = 0, pretend = 0, frame = 0
 101              		@ frame_needed = 0, uses_anonymous_args = 0
 102              		@ link register save eliminated.
 103              	.L8:
 130:Src/stm32f1xx_it.c ****   /* USER CODE BEGIN BusFault_IRQn 0 */
 131:Src/stm32f1xx_it.c **** 
 132:Src/stm32f1xx_it.c ****   /* USER CODE END BusFault_IRQn 0 */
ARM GAS  C:\Users\Eemeli\AppData\Local\Temp\ccHWZyiV.s 			page 5


 133:Src/stm32f1xx_it.c ****   while (1)
 104              		.loc 1 133 3 discriminator 1 view .LVU9
 134:Src/stm32f1xx_it.c ****   {
 135:Src/stm32f1xx_it.c ****     /* USER CODE BEGIN W1_BusFault_IRQn 0 */
 136:Src/stm32f1xx_it.c ****     /* USER CODE END W1_BusFault_IRQn 0 */
 137:Src/stm32f1xx_it.c ****   }
 105              		.loc 1 137 3 discriminator 1 view .LVU10
 106 0000 FEE7     		b	.L8
 107              		.cfi_endproc
 108              	.LFE69:
 110 0002 00BF     		.section	.text.UsageFault_Handler,"ax",%progbits
 111              		.align	1
 112              		.p2align 2,,3
 113              		.global	UsageFault_Handler
 114              		.syntax unified
 115              		.thumb
 116              		.thumb_func
 117              		.fpu softvfp
 119              	UsageFault_Handler:
 120              	.LFB70:
 138:Src/stm32f1xx_it.c **** }
 139:Src/stm32f1xx_it.c **** 
 140:Src/stm32f1xx_it.c **** /**
 141:Src/stm32f1xx_it.c ****   * @brief This function handles Undefined instruction or illegal state.
 142:Src/stm32f1xx_it.c ****   */
 143:Src/stm32f1xx_it.c **** void UsageFault_Handler(void)
 144:Src/stm32f1xx_it.c **** {
 121              		.loc 1 144 1 view -0
 122              		.cfi_startproc
 123              		@ Volatile: function does not return.
 124              		@ args = 0, pretend = 0, frame = 0
 125              		@ frame_needed = 0, uses_anonymous_args = 0
 126              		@ link register save eliminated.
 127              	.L10:
 145:Src/stm32f1xx_it.c ****   /* USER CODE BEGIN UsageFault_IRQn 0 */
 146:Src/stm32f1xx_it.c **** 
 147:Src/stm32f1xx_it.c ****   /* USER CODE END UsageFault_IRQn 0 */
 148:Src/stm32f1xx_it.c ****   while (1)
 128              		.loc 1 148 3 discriminator 1 view .LVU12
 149:Src/stm32f1xx_it.c ****   {
 150:Src/stm32f1xx_it.c ****     /* USER CODE BEGIN W1_UsageFault_IRQn 0 */
 151:Src/stm32f1xx_it.c ****     /* USER CODE END W1_UsageFault_IRQn 0 */
 152:Src/stm32f1xx_it.c ****   }
 129              		.loc 1 152 3 discriminator 1 view .LVU13
 130 0000 FEE7     		b	.L10
 131              		.cfi_endproc
 132              	.LFE70:
 134 0002 00BF     		.section	.text.SVC_Handler,"ax",%progbits
 135              		.align	1
 136              		.p2align 2,,3
 137              		.global	SVC_Handler
 138              		.syntax unified
 139              		.thumb
 140              		.thumb_func
 141              		.fpu softvfp
 143              	SVC_Handler:
 144              	.LFB77:
ARM GAS  C:\Users\Eemeli\AppData\Local\Temp\ccHWZyiV.s 			page 6


 145              		.cfi_startproc
 146              		@ args = 0, pretend = 0, frame = 0
 147              		@ frame_needed = 0, uses_anonymous_args = 0
 148              		@ link register save eliminated.
 149 0000 7047     		bx	lr
 150              		.cfi_endproc
 151              	.LFE77:
 153 0002 00BF     		.section	.text.DebugMon_Handler,"ax",%progbits
 154              		.align	1
 155              		.p2align 2,,3
 156              		.global	DebugMon_Handler
 157              		.syntax unified
 158              		.thumb
 159              		.thumb_func
 160              		.fpu softvfp
 162              	DebugMon_Handler:
 163              	.LFB79:
 164              		.cfi_startproc
 165              		@ args = 0, pretend = 0, frame = 0
 166              		@ frame_needed = 0, uses_anonymous_args = 0
 167              		@ link register save eliminated.
 168 0000 7047     		bx	lr
 169              		.cfi_endproc
 170              	.LFE79:
 172 0002 00BF     		.section	.text.PendSV_Handler,"ax",%progbits
 173              		.align	1
 174              		.p2align 2,,3
 175              		.global	PendSV_Handler
 176              		.syntax unified
 177              		.thumb
 178              		.thumb_func
 179              		.fpu softvfp
 181              	PendSV_Handler:
 182              	.LFB81:
 183              		.cfi_startproc
 184              		@ args = 0, pretend = 0, frame = 0
 185              		@ frame_needed = 0, uses_anonymous_args = 0
 186              		@ link register save eliminated.
 187 0000 7047     		bx	lr
 188              		.cfi_endproc
 189              	.LFE81:
 191 0002 00BF     		.section	.text.SysTick_Handler,"ax",%progbits
 192              		.align	1
 193              		.p2align 2,,3
 194              		.global	SysTick_Handler
 195              		.syntax unified
 196              		.thumb
 197              		.thumb_func
 198              		.fpu softvfp
 200              	SysTick_Handler:
 201              	.LFB74:
 153:Src/stm32f1xx_it.c **** }
 154:Src/stm32f1xx_it.c **** 
 155:Src/stm32f1xx_it.c **** /**
 156:Src/stm32f1xx_it.c ****   * @brief This function handles System service call via SWI instruction.
 157:Src/stm32f1xx_it.c ****   */
 158:Src/stm32f1xx_it.c **** void SVC_Handler(void)
ARM GAS  C:\Users\Eemeli\AppData\Local\Temp\ccHWZyiV.s 			page 7


 159:Src/stm32f1xx_it.c **** {
 160:Src/stm32f1xx_it.c ****   /* USER CODE BEGIN SVCall_IRQn 0 */
 161:Src/stm32f1xx_it.c **** 
 162:Src/stm32f1xx_it.c ****   /* USER CODE END SVCall_IRQn 0 */
 163:Src/stm32f1xx_it.c ****   /* USER CODE BEGIN SVCall_IRQn 1 */
 164:Src/stm32f1xx_it.c **** 
 165:Src/stm32f1xx_it.c ****   /* USER CODE END SVCall_IRQn 1 */
 166:Src/stm32f1xx_it.c **** }
 167:Src/stm32f1xx_it.c **** 
 168:Src/stm32f1xx_it.c **** /**
 169:Src/stm32f1xx_it.c ****   * @brief This function handles Debug monitor.
 170:Src/stm32f1xx_it.c ****   */
 171:Src/stm32f1xx_it.c **** void DebugMon_Handler(void)
 172:Src/stm32f1xx_it.c **** {
 173:Src/stm32f1xx_it.c ****   /* USER CODE BEGIN DebugMonitor_IRQn 0 */
 174:Src/stm32f1xx_it.c **** 
 175:Src/stm32f1xx_it.c ****   /* USER CODE END DebugMonitor_IRQn 0 */
 176:Src/stm32f1xx_it.c ****   /* USER CODE BEGIN DebugMonitor_IRQn 1 */
 177:Src/stm32f1xx_it.c **** 
 178:Src/stm32f1xx_it.c ****   /* USER CODE END DebugMonitor_IRQn 1 */
 179:Src/stm32f1xx_it.c **** }
 180:Src/stm32f1xx_it.c **** 
 181:Src/stm32f1xx_it.c **** /**
 182:Src/stm32f1xx_it.c ****   * @brief This function handles Pendable request for system service.
 183:Src/stm32f1xx_it.c ****   */
 184:Src/stm32f1xx_it.c **** void PendSV_Handler(void)
 185:Src/stm32f1xx_it.c **** {
 186:Src/stm32f1xx_it.c ****   /* USER CODE BEGIN PendSV_IRQn 0 */
 187:Src/stm32f1xx_it.c **** 
 188:Src/stm32f1xx_it.c ****   /* USER CODE END PendSV_IRQn 0 */
 189:Src/stm32f1xx_it.c ****   /* USER CODE BEGIN PendSV_IRQn 1 */
 190:Src/stm32f1xx_it.c **** 
 191:Src/stm32f1xx_it.c ****   /* USER CODE END PendSV_IRQn 1 */
 192:Src/stm32f1xx_it.c **** }
 193:Src/stm32f1xx_it.c **** 
 194:Src/stm32f1xx_it.c **** /**
 195:Src/stm32f1xx_it.c ****   * @brief This function handles System tick timer.
 196:Src/stm32f1xx_it.c ****   */
 197:Src/stm32f1xx_it.c **** void SysTick_Handler(void)
 198:Src/stm32f1xx_it.c **** {
 202              		.loc 1 198 1 view -0
 203              		.cfi_startproc
 204              		@ args = 0, pretend = 0, frame = 0
 205              		@ frame_needed = 0, uses_anonymous_args = 0
 206              		@ link register save eliminated.
 199:Src/stm32f1xx_it.c ****   /* USER CODE BEGIN SysTick_IRQn 0 */
 200:Src/stm32f1xx_it.c **** 
 201:Src/stm32f1xx_it.c ****   /* USER CODE END SysTick_IRQn 0 */
 202:Src/stm32f1xx_it.c ****   HAL_IncTick();
 207              		.loc 1 202 3 view .LVU15
 208 0000 FFF7FEBF 		b	HAL_IncTick
 209              	.LVL0:
 210              		.cfi_endproc
 211              	.LFE74:
 213              		.section	.text.USB_LP_CAN1_RX0_IRQHandler,"ax",%progbits
 214              		.align	1
 215              		.p2align 2,,3
ARM GAS  C:\Users\Eemeli\AppData\Local\Temp\ccHWZyiV.s 			page 8


 216              		.global	USB_LP_CAN1_RX0_IRQHandler
 217              		.syntax unified
 218              		.thumb
 219              		.thumb_func
 220              		.fpu softvfp
 222              	USB_LP_CAN1_RX0_IRQHandler:
 223              	.LFB75:
 203:Src/stm32f1xx_it.c ****   /* USER CODE BEGIN SysTick_IRQn 1 */
 204:Src/stm32f1xx_it.c **** 
 205:Src/stm32f1xx_it.c ****   /* USER CODE END SysTick_IRQn 1 */
 206:Src/stm32f1xx_it.c **** }
 207:Src/stm32f1xx_it.c **** 
 208:Src/stm32f1xx_it.c **** /******************************************************************************/
 209:Src/stm32f1xx_it.c **** /* STM32F1xx Peripheral Interrupt Handlers                                    */
 210:Src/stm32f1xx_it.c **** /* Add here the Interrupt Handlers for the used peripherals.                  */
 211:Src/stm32f1xx_it.c **** /* For the available peripheral interrupt handler names,                      */
 212:Src/stm32f1xx_it.c **** /* please refer to the startup file (startup_stm32f1xx.s).                    */
 213:Src/stm32f1xx_it.c **** /******************************************************************************/
 214:Src/stm32f1xx_it.c **** 
 215:Src/stm32f1xx_it.c **** /**
 216:Src/stm32f1xx_it.c ****   * @brief This function handles USB low priority or CAN RX0 interrupts.
 217:Src/stm32f1xx_it.c ****   */
 218:Src/stm32f1xx_it.c **** void USB_LP_CAN1_RX0_IRQHandler(void)
 219:Src/stm32f1xx_it.c **** {
 224              		.loc 1 219 1 view -0
 225              		.cfi_startproc
 226              		@ args = 0, pretend = 0, frame = 0
 227              		@ frame_needed = 0, uses_anonymous_args = 0
 228              		@ link register save eliminated.
 220:Src/stm32f1xx_it.c ****   /* USER CODE BEGIN USB_LP_CAN1_RX0_IRQn 0 */
 221:Src/stm32f1xx_it.c **** 
 222:Src/stm32f1xx_it.c ****   /* USER CODE END USB_LP_CAN1_RX0_IRQn 0 */
 223:Src/stm32f1xx_it.c ****   HAL_PCD_IRQHandler(&hpcd_USB_FS);
 229              		.loc 1 223 3 view .LVU17
 230 0000 0148     		ldr	r0, .L16
 231 0002 FFF7FEBF 		b	HAL_PCD_IRQHandler
 232              	.LVL1:
 233              	.L17:
 234 0006 00BF     		.align	2
 235              	.L16:
 236 0008 00000000 		.word	hpcd_USB_FS
 237              		.cfi_endproc
 238              	.LFE75:
 240              		.text
 241              	.Letext0:
 242              		.file 2 "d:\\vsarm\\armcc\\arm-none-eabi\\include\\machine\\_default_types.h"
 243              		.file 3 "d:\\vsarm\\armcc\\arm-none-eabi\\include\\sys\\_stdint.h"
 244              		.file 4 "Drivers/CMSIS/Include/core_cm3.h"
 245              		.file 5 "Drivers/CMSIS/Device/ST/STM32F1xx/Include/system_stm32f1xx.h"
 246              		.file 6 "Drivers/CMSIS/Device/ST/STM32F1xx/Include/stm32f103xb.h"
 247              		.file 7 "d:\\vsarm\\armcc\\arm-none-eabi\\include\\sys\\lock.h"
 248              		.file 8 "d:\\vsarm\\armcc\\arm-none-eabi\\include\\sys\\_types.h"
 249              		.file 9 "d:\\vsarm\\armcc\\lib\\gcc\\arm-none-eabi\\8.2.1\\include\\stddef.h"
 250              		.file 10 "d:\\vsarm\\armcc\\arm-none-eabi\\include\\sys\\reent.h"
 251              		.file 11 "Drivers/STM32F1xx_HAL_Driver/Inc/stm32f1xx_hal_def.h"
 252              		.file 12 "Drivers/STM32F1xx_HAL_Driver/Inc/stm32f1xx_ll_usb.h"
 253              		.file 13 "Drivers/STM32F1xx_HAL_Driver/Inc/stm32f1xx_hal_pcd.h"
ARM GAS  C:\Users\Eemeli\AppData\Local\Temp\ccHWZyiV.s 			page 9


 254              		.file 14 "Drivers/STM32F1xx_HAL_Driver/Inc/stm32f1xx_hal.h"
ARM GAS  C:\Users\Eemeli\AppData\Local\Temp\ccHWZyiV.s 			page 10


DEFINED SYMBOLS
                            *ABS*:0000000000000000 stm32f1xx_it.c
C:\Users\Eemeli\AppData\Local\Temp\ccHWZyiV.s:16     .text.NMI_Handler:0000000000000000 $t
C:\Users\Eemeli\AppData\Local\Temp\ccHWZyiV.s:25     .text.NMI_Handler:0000000000000000 NMI_Handler
C:\Users\Eemeli\AppData\Local\Temp\ccHWZyiV.s:39     .text.HardFault_Handler:0000000000000000 $t
C:\Users\Eemeli\AppData\Local\Temp\ccHWZyiV.s:47     .text.HardFault_Handler:0000000000000000 HardFault_Handler
C:\Users\Eemeli\AppData\Local\Temp\ccHWZyiV.s:63     .text.MemManage_Handler:0000000000000000 $t
C:\Users\Eemeli\AppData\Local\Temp\ccHWZyiV.s:71     .text.MemManage_Handler:0000000000000000 MemManage_Handler
C:\Users\Eemeli\AppData\Local\Temp\ccHWZyiV.s:87     .text.BusFault_Handler:0000000000000000 $t
C:\Users\Eemeli\AppData\Local\Temp\ccHWZyiV.s:95     .text.BusFault_Handler:0000000000000000 BusFault_Handler
C:\Users\Eemeli\AppData\Local\Temp\ccHWZyiV.s:111    .text.UsageFault_Handler:0000000000000000 $t
C:\Users\Eemeli\AppData\Local\Temp\ccHWZyiV.s:119    .text.UsageFault_Handler:0000000000000000 UsageFault_Handler
C:\Users\Eemeli\AppData\Local\Temp\ccHWZyiV.s:135    .text.SVC_Handler:0000000000000000 $t
C:\Users\Eemeli\AppData\Local\Temp\ccHWZyiV.s:143    .text.SVC_Handler:0000000000000000 SVC_Handler
C:\Users\Eemeli\AppData\Local\Temp\ccHWZyiV.s:154    .text.DebugMon_Handler:0000000000000000 $t
C:\Users\Eemeli\AppData\Local\Temp\ccHWZyiV.s:162    .text.DebugMon_Handler:0000000000000000 DebugMon_Handler
C:\Users\Eemeli\AppData\Local\Temp\ccHWZyiV.s:173    .text.PendSV_Handler:0000000000000000 $t
C:\Users\Eemeli\AppData\Local\Temp\ccHWZyiV.s:181    .text.PendSV_Handler:0000000000000000 PendSV_Handler
C:\Users\Eemeli\AppData\Local\Temp\ccHWZyiV.s:192    .text.SysTick_Handler:0000000000000000 $t
C:\Users\Eemeli\AppData\Local\Temp\ccHWZyiV.s:200    .text.SysTick_Handler:0000000000000000 SysTick_Handler
C:\Users\Eemeli\AppData\Local\Temp\ccHWZyiV.s:214    .text.USB_LP_CAN1_RX0_IRQHandler:0000000000000000 $t
C:\Users\Eemeli\AppData\Local\Temp\ccHWZyiV.s:222    .text.USB_LP_CAN1_RX0_IRQHandler:0000000000000000 USB_LP_CAN1_RX0_IRQHandler
C:\Users\Eemeli\AppData\Local\Temp\ccHWZyiV.s:236    .text.USB_LP_CAN1_RX0_IRQHandler:0000000000000008 $d

UNDEFINED SYMBOLS
HAL_IncTick
HAL_PCD_IRQHandler
hpcd_USB_FS
