ARM GAS  C:\Users\Eemeli\AppData\Local\Temp\ccOmmUBL.s 			page 1


   1              		.cpu cortex-m3
   2              		.eabi_attribute 20, 1
   3              		.eabi_attribute 21, 1
   4              		.eabi_attribute 23, 3
   5              		.eabi_attribute 24, 1
   6              		.eabi_attribute 25, 1
   7              		.eabi_attribute 26, 1
   8              		.eabi_attribute 30, 2
   9              		.eabi_attribute 34, 1
  10              		.eabi_attribute 18, 4
  11              		.file	"stm32f1xx_hal_pcd_ex.c"
  12              		.text
  13              	.Ltext0:
  14              		.cfi_sections	.debug_frame
  15              		.section	.text.HAL_PCDEx_PMAConfig,"ax",%progbits
  16              		.align	1
  17              		.p2align 2,,3
  18              		.global	HAL_PCDEx_PMAConfig
  19              		.arch armv7-m
  20              		.syntax unified
  21              		.thumb
  22              		.thumb_func
  23              		.fpu softvfp
  25              	HAL_PCDEx_PMAConfig:
  26              	.LVL0:
  27              	.LFB66:
  28              		.file 1 "Drivers/STM32F1xx_HAL_Driver/Src/stm32f1xx_hal_pcd_ex.c"
   1:Drivers/STM32F1xx_HAL_Driver/Src/stm32f1xx_hal_pcd_ex.c **** /**
   2:Drivers/STM32F1xx_HAL_Driver/Src/stm32f1xx_hal_pcd_ex.c ****   ******************************************************************************
   3:Drivers/STM32F1xx_HAL_Driver/Src/stm32f1xx_hal_pcd_ex.c ****   * @file    stm32f1xx_hal_pcd_ex.c
   4:Drivers/STM32F1xx_HAL_Driver/Src/stm32f1xx_hal_pcd_ex.c ****   * @author  MCD Application Team
   5:Drivers/STM32F1xx_HAL_Driver/Src/stm32f1xx_hal_pcd_ex.c ****   * @brief   Extended PCD HAL module driver.
   6:Drivers/STM32F1xx_HAL_Driver/Src/stm32f1xx_hal_pcd_ex.c ****   *          This file provides firmware functions to manage the following 
   7:Drivers/STM32F1xx_HAL_Driver/Src/stm32f1xx_hal_pcd_ex.c ****   *          functionalities of the USB Peripheral Controller:
   8:Drivers/STM32F1xx_HAL_Driver/Src/stm32f1xx_hal_pcd_ex.c ****   *           + Extended features functions: Update FIFO configuration, 
   9:Drivers/STM32F1xx_HAL_Driver/Src/stm32f1xx_hal_pcd_ex.c ****   *           PMA configuration for EPs  
  10:Drivers/STM32F1xx_HAL_Driver/Src/stm32f1xx_hal_pcd_ex.c ****   *
  11:Drivers/STM32F1xx_HAL_Driver/Src/stm32f1xx_hal_pcd_ex.c ****   ******************************************************************************
  12:Drivers/STM32F1xx_HAL_Driver/Src/stm32f1xx_hal_pcd_ex.c ****   * @attention
  13:Drivers/STM32F1xx_HAL_Driver/Src/stm32f1xx_hal_pcd_ex.c ****   *
  14:Drivers/STM32F1xx_HAL_Driver/Src/stm32f1xx_hal_pcd_ex.c ****   * <h2><center>&copy; COPYRIGHT(c) 2016 STMicroelectronics</center></h2>
  15:Drivers/STM32F1xx_HAL_Driver/Src/stm32f1xx_hal_pcd_ex.c ****   *
  16:Drivers/STM32F1xx_HAL_Driver/Src/stm32f1xx_hal_pcd_ex.c ****   * Redistribution and use in source and binary forms, with or without modification,
  17:Drivers/STM32F1xx_HAL_Driver/Src/stm32f1xx_hal_pcd_ex.c ****   * are permitted provided that the following conditions are met:
  18:Drivers/STM32F1xx_HAL_Driver/Src/stm32f1xx_hal_pcd_ex.c ****   *   1. Redistributions of source code must retain the above copyright notice,
  19:Drivers/STM32F1xx_HAL_Driver/Src/stm32f1xx_hal_pcd_ex.c ****   *      this list of conditions and the following disclaimer.
  20:Drivers/STM32F1xx_HAL_Driver/Src/stm32f1xx_hal_pcd_ex.c ****   *   2. Redistributions in binary form must reproduce the above copyright notice,
  21:Drivers/STM32F1xx_HAL_Driver/Src/stm32f1xx_hal_pcd_ex.c ****   *      this list of conditions and the following disclaimer in the documentation
  22:Drivers/STM32F1xx_HAL_Driver/Src/stm32f1xx_hal_pcd_ex.c ****   *      and/or other materials provided with the distribution.
  23:Drivers/STM32F1xx_HAL_Driver/Src/stm32f1xx_hal_pcd_ex.c ****   *   3. Neither the name of STMicroelectronics nor the names of its contributors
  24:Drivers/STM32F1xx_HAL_Driver/Src/stm32f1xx_hal_pcd_ex.c ****   *      may be used to endorse or promote products derived from this software
  25:Drivers/STM32F1xx_HAL_Driver/Src/stm32f1xx_hal_pcd_ex.c ****   *      without specific prior written permission.
  26:Drivers/STM32F1xx_HAL_Driver/Src/stm32f1xx_hal_pcd_ex.c ****   *
  27:Drivers/STM32F1xx_HAL_Driver/Src/stm32f1xx_hal_pcd_ex.c ****   * THIS SOFTWARE IS PROVIDED BY THE COPYRIGHT HOLDERS AND CONTRIBUTORS "AS IS"
  28:Drivers/STM32F1xx_HAL_Driver/Src/stm32f1xx_hal_pcd_ex.c ****   * AND ANY EXPRESS OR IMPLIED WARRANTIES, INCLUDING, BUT NOT LIMITED TO, THE
  29:Drivers/STM32F1xx_HAL_Driver/Src/stm32f1xx_hal_pcd_ex.c ****   * IMPLIED WARRANTIES OF MERCHANTABILITY AND FITNESS FOR A PARTICULAR PURPOSE ARE
  30:Drivers/STM32F1xx_HAL_Driver/Src/stm32f1xx_hal_pcd_ex.c ****   * DISCLAIMED. IN NO EVENT SHALL THE COPYRIGHT HOLDER OR CONTRIBUTORS BE LIABLE
ARM GAS  C:\Users\Eemeli\AppData\Local\Temp\ccOmmUBL.s 			page 2


  31:Drivers/STM32F1xx_HAL_Driver/Src/stm32f1xx_hal_pcd_ex.c ****   * FOR ANY DIRECT, INDIRECT, INCIDENTAL, SPECIAL, EXEMPLARY, OR CONSEQUENTIAL
  32:Drivers/STM32F1xx_HAL_Driver/Src/stm32f1xx_hal_pcd_ex.c ****   * DAMAGES (INCLUDING, BUT NOT LIMITED TO, PROCUREMENT OF SUBSTITUTE GOODS OR
  33:Drivers/STM32F1xx_HAL_Driver/Src/stm32f1xx_hal_pcd_ex.c ****   * SERVICES; LOSS OF USE, DATA, OR PROFITS; OR BUSINESS INTERRUPTION) HOWEVER
  34:Drivers/STM32F1xx_HAL_Driver/Src/stm32f1xx_hal_pcd_ex.c ****   * CAUSED AND ON ANY THEORY OF LIABILITY, WHETHER IN CONTRACT, STRICT LIABILITY,
  35:Drivers/STM32F1xx_HAL_Driver/Src/stm32f1xx_hal_pcd_ex.c ****   * OR TORT (INCLUDING NEGLIGENCE OR OTHERWISE) ARISING IN ANY WAY OUT OF THE USE
  36:Drivers/STM32F1xx_HAL_Driver/Src/stm32f1xx_hal_pcd_ex.c ****   * OF THIS SOFTWARE, EVEN IF ADVISED OF THE POSSIBILITY OF SUCH DAMAGE.
  37:Drivers/STM32F1xx_HAL_Driver/Src/stm32f1xx_hal_pcd_ex.c ****   *
  38:Drivers/STM32F1xx_HAL_Driver/Src/stm32f1xx_hal_pcd_ex.c ****   ******************************************************************************
  39:Drivers/STM32F1xx_HAL_Driver/Src/stm32f1xx_hal_pcd_ex.c ****   */
  40:Drivers/STM32F1xx_HAL_Driver/Src/stm32f1xx_hal_pcd_ex.c **** 
  41:Drivers/STM32F1xx_HAL_Driver/Src/stm32f1xx_hal_pcd_ex.c **** /* Includes ------------------------------------------------------------------*/
  42:Drivers/STM32F1xx_HAL_Driver/Src/stm32f1xx_hal_pcd_ex.c **** #include "stm32f1xx_hal.h"
  43:Drivers/STM32F1xx_HAL_Driver/Src/stm32f1xx_hal_pcd_ex.c **** 
  44:Drivers/STM32F1xx_HAL_Driver/Src/stm32f1xx_hal_pcd_ex.c **** /** @addtogroup STM32F1xx_HAL_Driver
  45:Drivers/STM32F1xx_HAL_Driver/Src/stm32f1xx_hal_pcd_ex.c ****   * @{
  46:Drivers/STM32F1xx_HAL_Driver/Src/stm32f1xx_hal_pcd_ex.c ****   */
  47:Drivers/STM32F1xx_HAL_Driver/Src/stm32f1xx_hal_pcd_ex.c **** 
  48:Drivers/STM32F1xx_HAL_Driver/Src/stm32f1xx_hal_pcd_ex.c **** #ifdef HAL_PCD_MODULE_ENABLED
  49:Drivers/STM32F1xx_HAL_Driver/Src/stm32f1xx_hal_pcd_ex.c **** 
  50:Drivers/STM32F1xx_HAL_Driver/Src/stm32f1xx_hal_pcd_ex.c **** #if defined(STM32F102x6) || defined(STM32F102xB) || \
  51:Drivers/STM32F1xx_HAL_Driver/Src/stm32f1xx_hal_pcd_ex.c ****     defined(STM32F103x6) || defined(STM32F103xB) || \
  52:Drivers/STM32F1xx_HAL_Driver/Src/stm32f1xx_hal_pcd_ex.c ****     defined(STM32F103xE) || defined(STM32F103xG) || \
  53:Drivers/STM32F1xx_HAL_Driver/Src/stm32f1xx_hal_pcd_ex.c ****     defined(STM32F105xC) || defined(STM32F107xC)
  54:Drivers/STM32F1xx_HAL_Driver/Src/stm32f1xx_hal_pcd_ex.c **** 
  55:Drivers/STM32F1xx_HAL_Driver/Src/stm32f1xx_hal_pcd_ex.c **** 
  56:Drivers/STM32F1xx_HAL_Driver/Src/stm32f1xx_hal_pcd_ex.c **** /** @defgroup PCDEx PCDEx
  57:Drivers/STM32F1xx_HAL_Driver/Src/stm32f1xx_hal_pcd_ex.c ****   * @brief PCD Extended HAL module driver
  58:Drivers/STM32F1xx_HAL_Driver/Src/stm32f1xx_hal_pcd_ex.c ****   * @{
  59:Drivers/STM32F1xx_HAL_Driver/Src/stm32f1xx_hal_pcd_ex.c ****   */
  60:Drivers/STM32F1xx_HAL_Driver/Src/stm32f1xx_hal_pcd_ex.c **** 
  61:Drivers/STM32F1xx_HAL_Driver/Src/stm32f1xx_hal_pcd_ex.c **** 
  62:Drivers/STM32F1xx_HAL_Driver/Src/stm32f1xx_hal_pcd_ex.c **** /* Private types -------------------------------------------------------------*/
  63:Drivers/STM32F1xx_HAL_Driver/Src/stm32f1xx_hal_pcd_ex.c **** /* Private variables ---------------------------------------------------------*/
  64:Drivers/STM32F1xx_HAL_Driver/Src/stm32f1xx_hal_pcd_ex.c **** /* Private constants ---------------------------------------------------------*/
  65:Drivers/STM32F1xx_HAL_Driver/Src/stm32f1xx_hal_pcd_ex.c **** /* Private macros ------------------------------------------------------------*/
  66:Drivers/STM32F1xx_HAL_Driver/Src/stm32f1xx_hal_pcd_ex.c **** /* Private functions ---------------------------------------------------------*/
  67:Drivers/STM32F1xx_HAL_Driver/Src/stm32f1xx_hal_pcd_ex.c **** /* Exported functions --------------------------------------------------------*/
  68:Drivers/STM32F1xx_HAL_Driver/Src/stm32f1xx_hal_pcd_ex.c **** /** @defgroup PCDEx_Exported_Functions PCDEx Exported Functions
  69:Drivers/STM32F1xx_HAL_Driver/Src/stm32f1xx_hal_pcd_ex.c ****   * @{
  70:Drivers/STM32F1xx_HAL_Driver/Src/stm32f1xx_hal_pcd_ex.c ****   */
  71:Drivers/STM32F1xx_HAL_Driver/Src/stm32f1xx_hal_pcd_ex.c **** 
  72:Drivers/STM32F1xx_HAL_Driver/Src/stm32f1xx_hal_pcd_ex.c **** /** @defgroup PCDEx_Exported_Functions_Group1 Peripheral Control functions
  73:Drivers/STM32F1xx_HAL_Driver/Src/stm32f1xx_hal_pcd_ex.c ****   * @brief    PCDEx control functions 
  74:Drivers/STM32F1xx_HAL_Driver/Src/stm32f1xx_hal_pcd_ex.c ****   *
  75:Drivers/STM32F1xx_HAL_Driver/Src/stm32f1xx_hal_pcd_ex.c **** @verbatim
  76:Drivers/STM32F1xx_HAL_Driver/Src/stm32f1xx_hal_pcd_ex.c ****  ===============================================================================
  77:Drivers/STM32F1xx_HAL_Driver/Src/stm32f1xx_hal_pcd_ex.c ****               ##### Extended Peripheral Control functions #####
  78:Drivers/STM32F1xx_HAL_Driver/Src/stm32f1xx_hal_pcd_ex.c ****  ===============================================================================
  79:Drivers/STM32F1xx_HAL_Driver/Src/stm32f1xx_hal_pcd_ex.c ****     [..]  This section provides functions allowing to:
  80:Drivers/STM32F1xx_HAL_Driver/Src/stm32f1xx_hal_pcd_ex.c ****       (+) Update FIFO (USB_OTG_FS)
  81:Drivers/STM32F1xx_HAL_Driver/Src/stm32f1xx_hal_pcd_ex.c ****       (+) Update PMA configuration (USB)
  82:Drivers/STM32F1xx_HAL_Driver/Src/stm32f1xx_hal_pcd_ex.c **** 
  83:Drivers/STM32F1xx_HAL_Driver/Src/stm32f1xx_hal_pcd_ex.c **** @endverbatim
  84:Drivers/STM32F1xx_HAL_Driver/Src/stm32f1xx_hal_pcd_ex.c ****   * @{
  85:Drivers/STM32F1xx_HAL_Driver/Src/stm32f1xx_hal_pcd_ex.c ****   */
  86:Drivers/STM32F1xx_HAL_Driver/Src/stm32f1xx_hal_pcd_ex.c **** 
  87:Drivers/STM32F1xx_HAL_Driver/Src/stm32f1xx_hal_pcd_ex.c **** #if defined (USB_OTG_FS)
ARM GAS  C:\Users\Eemeli\AppData\Local\Temp\ccOmmUBL.s 			page 3


  88:Drivers/STM32F1xx_HAL_Driver/Src/stm32f1xx_hal_pcd_ex.c **** /**
  89:Drivers/STM32F1xx_HAL_Driver/Src/stm32f1xx_hal_pcd_ex.c ****   * @brief  Set Tx FIFO
  90:Drivers/STM32F1xx_HAL_Driver/Src/stm32f1xx_hal_pcd_ex.c ****   * @param  hpcd: PCD handle
  91:Drivers/STM32F1xx_HAL_Driver/Src/stm32f1xx_hal_pcd_ex.c ****   * @param  fifo: The number of Tx fifo
  92:Drivers/STM32F1xx_HAL_Driver/Src/stm32f1xx_hal_pcd_ex.c ****   * @param  size: Fifo size
  93:Drivers/STM32F1xx_HAL_Driver/Src/stm32f1xx_hal_pcd_ex.c ****   * @retval HAL status
  94:Drivers/STM32F1xx_HAL_Driver/Src/stm32f1xx_hal_pcd_ex.c ****   */
  95:Drivers/STM32F1xx_HAL_Driver/Src/stm32f1xx_hal_pcd_ex.c **** HAL_StatusTypeDef HAL_PCDEx_SetTxFiFo(PCD_HandleTypeDef *hpcd, uint8_t fifo, uint16_t size)
  96:Drivers/STM32F1xx_HAL_Driver/Src/stm32f1xx_hal_pcd_ex.c **** {
  97:Drivers/STM32F1xx_HAL_Driver/Src/stm32f1xx_hal_pcd_ex.c ****   uint8_t index = 0;
  98:Drivers/STM32F1xx_HAL_Driver/Src/stm32f1xx_hal_pcd_ex.c ****   uint32_t Tx_Offset = 0U;
  99:Drivers/STM32F1xx_HAL_Driver/Src/stm32f1xx_hal_pcd_ex.c ****   
 100:Drivers/STM32F1xx_HAL_Driver/Src/stm32f1xx_hal_pcd_ex.c ****   /*  TXn min size = 16 words. (n  : Transmit FIFO index)
 101:Drivers/STM32F1xx_HAL_Driver/Src/stm32f1xx_hal_pcd_ex.c ****       When a TxFIFO is not used, the Configuration should be as follows: 
 102:Drivers/STM32F1xx_HAL_Driver/Src/stm32f1xx_hal_pcd_ex.c ****           case 1 :  n > m    and Txn is not used    (n,m  : Transmit FIFO indexes)
 103:Drivers/STM32F1xx_HAL_Driver/Src/stm32f1xx_hal_pcd_ex.c ****          --> Txm can use the space allocated for Txn.
 104:Drivers/STM32F1xx_HAL_Driver/Src/stm32f1xx_hal_pcd_ex.c ****          case2  :  n < m    and Txn is not used    (n,m  : Transmit FIFO indexes)
 105:Drivers/STM32F1xx_HAL_Driver/Src/stm32f1xx_hal_pcd_ex.c ****          --> Txn should be configured with the minimum space of 16 words
 106:Drivers/STM32F1xx_HAL_Driver/Src/stm32f1xx_hal_pcd_ex.c ****      The FIFO is used optimally when used TxFIFOs are allocated in the top 
 107:Drivers/STM32F1xx_HAL_Driver/Src/stm32f1xx_hal_pcd_ex.c ****          of the FIFO.Ex: use EP1 and EP2 as IN instead of EP1 and EP3 as IN ones.
 108:Drivers/STM32F1xx_HAL_Driver/Src/stm32f1xx_hal_pcd_ex.c ****      When DMA is used 3n * FIFO locations should be reserved for internal DMA registers */
 109:Drivers/STM32F1xx_HAL_Driver/Src/stm32f1xx_hal_pcd_ex.c ****   
 110:Drivers/STM32F1xx_HAL_Driver/Src/stm32f1xx_hal_pcd_ex.c ****   Tx_Offset = hpcd->Instance->GRXFSIZ;
 111:Drivers/STM32F1xx_HAL_Driver/Src/stm32f1xx_hal_pcd_ex.c ****   
 112:Drivers/STM32F1xx_HAL_Driver/Src/stm32f1xx_hal_pcd_ex.c ****   if(fifo == 0U)
 113:Drivers/STM32F1xx_HAL_Driver/Src/stm32f1xx_hal_pcd_ex.c ****   {
 114:Drivers/STM32F1xx_HAL_Driver/Src/stm32f1xx_hal_pcd_ex.c ****     hpcd->Instance->DIEPTXF0_HNPTXFSIZ = (size << 16U) | Tx_Offset;
 115:Drivers/STM32F1xx_HAL_Driver/Src/stm32f1xx_hal_pcd_ex.c ****   }
 116:Drivers/STM32F1xx_HAL_Driver/Src/stm32f1xx_hal_pcd_ex.c ****   else
 117:Drivers/STM32F1xx_HAL_Driver/Src/stm32f1xx_hal_pcd_ex.c ****   {
 118:Drivers/STM32F1xx_HAL_Driver/Src/stm32f1xx_hal_pcd_ex.c ****     Tx_Offset += (hpcd->Instance->DIEPTXF0_HNPTXFSIZ) >> 16U;
 119:Drivers/STM32F1xx_HAL_Driver/Src/stm32f1xx_hal_pcd_ex.c ****     for(index = 0; index < (fifo - 1); index++)
 120:Drivers/STM32F1xx_HAL_Driver/Src/stm32f1xx_hal_pcd_ex.c ****     {
 121:Drivers/STM32F1xx_HAL_Driver/Src/stm32f1xx_hal_pcd_ex.c ****       Tx_Offset += (hpcd->Instance->DIEPTXF[index] >> 16U);
 122:Drivers/STM32F1xx_HAL_Driver/Src/stm32f1xx_hal_pcd_ex.c ****     }
 123:Drivers/STM32F1xx_HAL_Driver/Src/stm32f1xx_hal_pcd_ex.c ****     
 124:Drivers/STM32F1xx_HAL_Driver/Src/stm32f1xx_hal_pcd_ex.c ****     /* Multiply Tx_Size by 2 to get higher performance */
 125:Drivers/STM32F1xx_HAL_Driver/Src/stm32f1xx_hal_pcd_ex.c ****     hpcd->Instance->DIEPTXF[fifo - 1U] = (size << 16U) | Tx_Offset;
 126:Drivers/STM32F1xx_HAL_Driver/Src/stm32f1xx_hal_pcd_ex.c ****     
 127:Drivers/STM32F1xx_HAL_Driver/Src/stm32f1xx_hal_pcd_ex.c ****   }
 128:Drivers/STM32F1xx_HAL_Driver/Src/stm32f1xx_hal_pcd_ex.c ****   
 129:Drivers/STM32F1xx_HAL_Driver/Src/stm32f1xx_hal_pcd_ex.c ****   return HAL_OK;
 130:Drivers/STM32F1xx_HAL_Driver/Src/stm32f1xx_hal_pcd_ex.c **** }
 131:Drivers/STM32F1xx_HAL_Driver/Src/stm32f1xx_hal_pcd_ex.c **** 
 132:Drivers/STM32F1xx_HAL_Driver/Src/stm32f1xx_hal_pcd_ex.c **** /**
 133:Drivers/STM32F1xx_HAL_Driver/Src/stm32f1xx_hal_pcd_ex.c ****   * @brief  Set Rx FIFO
 134:Drivers/STM32F1xx_HAL_Driver/Src/stm32f1xx_hal_pcd_ex.c ****   * @param  hpcd: PCD handle
 135:Drivers/STM32F1xx_HAL_Driver/Src/stm32f1xx_hal_pcd_ex.c ****   * @param  size: Size of Rx fifo
 136:Drivers/STM32F1xx_HAL_Driver/Src/stm32f1xx_hal_pcd_ex.c ****   * @retval HAL status
 137:Drivers/STM32F1xx_HAL_Driver/Src/stm32f1xx_hal_pcd_ex.c ****   */
 138:Drivers/STM32F1xx_HAL_Driver/Src/stm32f1xx_hal_pcd_ex.c **** HAL_StatusTypeDef HAL_PCDEx_SetRxFiFo(PCD_HandleTypeDef *hpcd, uint16_t size)
 139:Drivers/STM32F1xx_HAL_Driver/Src/stm32f1xx_hal_pcd_ex.c **** {
 140:Drivers/STM32F1xx_HAL_Driver/Src/stm32f1xx_hal_pcd_ex.c ****   hpcd->Instance->GRXFSIZ = size;
 141:Drivers/STM32F1xx_HAL_Driver/Src/stm32f1xx_hal_pcd_ex.c ****   return HAL_OK;
 142:Drivers/STM32F1xx_HAL_Driver/Src/stm32f1xx_hal_pcd_ex.c **** }
 143:Drivers/STM32F1xx_HAL_Driver/Src/stm32f1xx_hal_pcd_ex.c **** #endif /* USB_OTG_FS */
 144:Drivers/STM32F1xx_HAL_Driver/Src/stm32f1xx_hal_pcd_ex.c **** 
ARM GAS  C:\Users\Eemeli\AppData\Local\Temp\ccOmmUBL.s 			page 4


 145:Drivers/STM32F1xx_HAL_Driver/Src/stm32f1xx_hal_pcd_ex.c **** #if defined (USB)
 146:Drivers/STM32F1xx_HAL_Driver/Src/stm32f1xx_hal_pcd_ex.c **** /**
 147:Drivers/STM32F1xx_HAL_Driver/Src/stm32f1xx_hal_pcd_ex.c ****   * @brief  Configure PMA for EP
 148:Drivers/STM32F1xx_HAL_Driver/Src/stm32f1xx_hal_pcd_ex.c ****   * @param  hpcd : Device instance
 149:Drivers/STM32F1xx_HAL_Driver/Src/stm32f1xx_hal_pcd_ex.c ****   * @param  ep_addr: endpoint address
 150:Drivers/STM32F1xx_HAL_Driver/Src/stm32f1xx_hal_pcd_ex.c ****   * @param  ep_kind: endpoint Kind
 151:Drivers/STM32F1xx_HAL_Driver/Src/stm32f1xx_hal_pcd_ex.c ****   *                  USB_SNG_BUF: Single Buffer used
 152:Drivers/STM32F1xx_HAL_Driver/Src/stm32f1xx_hal_pcd_ex.c ****   *                  USB_DBL_BUF: Double Buffer used
 153:Drivers/STM32F1xx_HAL_Driver/Src/stm32f1xx_hal_pcd_ex.c ****   * @param  pmaadress: EP address in The PMA: In case of single buffer endpoint
 154:Drivers/STM32F1xx_HAL_Driver/Src/stm32f1xx_hal_pcd_ex.c ****   *                   this parameter is 16-bit value providing the address
 155:Drivers/STM32F1xx_HAL_Driver/Src/stm32f1xx_hal_pcd_ex.c ****   *                   in PMA allocated to endpoint.
 156:Drivers/STM32F1xx_HAL_Driver/Src/stm32f1xx_hal_pcd_ex.c ****   *                   In case of double buffer endpoint this parameter
 157:Drivers/STM32F1xx_HAL_Driver/Src/stm32f1xx_hal_pcd_ex.c ****   *                   is a 32-bit value providing the endpoint buffer 0 address
 158:Drivers/STM32F1xx_HAL_Driver/Src/stm32f1xx_hal_pcd_ex.c ****   *                   in the LSB part of 32-bit value and endpoint buffer 1 address
 159:Drivers/STM32F1xx_HAL_Driver/Src/stm32f1xx_hal_pcd_ex.c ****   *                   in the MSB part of 32-bit value.
 160:Drivers/STM32F1xx_HAL_Driver/Src/stm32f1xx_hal_pcd_ex.c ****   * @retval HAL status
 161:Drivers/STM32F1xx_HAL_Driver/Src/stm32f1xx_hal_pcd_ex.c ****   */
 162:Drivers/STM32F1xx_HAL_Driver/Src/stm32f1xx_hal_pcd_ex.c **** 
 163:Drivers/STM32F1xx_HAL_Driver/Src/stm32f1xx_hal_pcd_ex.c **** HAL_StatusTypeDef  HAL_PCDEx_PMAConfig(PCD_HandleTypeDef *hpcd, 
 164:Drivers/STM32F1xx_HAL_Driver/Src/stm32f1xx_hal_pcd_ex.c ****                                        uint16_t ep_addr,
 165:Drivers/STM32F1xx_HAL_Driver/Src/stm32f1xx_hal_pcd_ex.c ****                                        uint16_t ep_kind,
 166:Drivers/STM32F1xx_HAL_Driver/Src/stm32f1xx_hal_pcd_ex.c ****                                        uint32_t pmaadress)
 167:Drivers/STM32F1xx_HAL_Driver/Src/stm32f1xx_hal_pcd_ex.c **** 
 168:Drivers/STM32F1xx_HAL_Driver/Src/stm32f1xx_hal_pcd_ex.c **** {
  29              		.loc 1 168 1 view -0
  30              		.cfi_startproc
  31              		@ args = 0, pretend = 0, frame = 0
  32              		@ frame_needed = 0, uses_anonymous_args = 0
  33              		@ link register save eliminated.
 169:Drivers/STM32F1xx_HAL_Driver/Src/stm32f1xx_hal_pcd_ex.c ****   PCD_EPTypeDef *ep = NULL;
  34              		.loc 1 169 3 view .LVU1
 170:Drivers/STM32F1xx_HAL_Driver/Src/stm32f1xx_hal_pcd_ex.c ****   
 171:Drivers/STM32F1xx_HAL_Driver/Src/stm32f1xx_hal_pcd_ex.c ****   /* initialize ep structure*/
 172:Drivers/STM32F1xx_HAL_Driver/Src/stm32f1xx_hal_pcd_ex.c ****   if ((ep_addr & 0x80U) == 0x80U)
  35              		.loc 1 172 3 view .LVU2
  36              		.loc 1 172 6 is_stmt 0 view .LVU3
  37 0000 11F0800F 		tst	r1, #128
  38 0004 11D0     		beq	.L2
 173:Drivers/STM32F1xx_HAL_Driver/Src/stm32f1xx_hal_pcd_ex.c ****   {
 174:Drivers/STM32F1xx_HAL_Driver/Src/stm32f1xx_hal_pcd_ex.c ****     ep = &hpcd->IN_ep[ep_addr & 0x7FU];
  39              		.loc 1 174 5 is_stmt 1 view .LVU4
  40              		.loc 1 174 31 is_stmt 0 view .LVU5
  41 0006 01F07F01 		and	r1, r1, #127
  42              	.LVL1:
  43              		.loc 1 174 8 view .LVU6
  44 000a 00EB4110 		add	r0, r0, r1, lsl #5
  45              	.LVL2:
  46              		.loc 1 174 8 view .LVU7
  47 000e 2830     		adds	r0, r0, #40
  48              	.LVL3:
  49              	.L3:
 175:Drivers/STM32F1xx_HAL_Driver/Src/stm32f1xx_hal_pcd_ex.c ****   }
 176:Drivers/STM32F1xx_HAL_Driver/Src/stm32f1xx_hal_pcd_ex.c ****   else
 177:Drivers/STM32F1xx_HAL_Driver/Src/stm32f1xx_hal_pcd_ex.c ****   {
 178:Drivers/STM32F1xx_HAL_Driver/Src/stm32f1xx_hal_pcd_ex.c ****     ep = &hpcd->OUT_ep[ep_addr];
 179:Drivers/STM32F1xx_HAL_Driver/Src/stm32f1xx_hal_pcd_ex.c ****   }
 180:Drivers/STM32F1xx_HAL_Driver/Src/stm32f1xx_hal_pcd_ex.c ****   
ARM GAS  C:\Users\Eemeli\AppData\Local\Temp\ccOmmUBL.s 			page 5


 181:Drivers/STM32F1xx_HAL_Driver/Src/stm32f1xx_hal_pcd_ex.c ****   /* Here we check if the endpoint is single or double Buffer*/
 182:Drivers/STM32F1xx_HAL_Driver/Src/stm32f1xx_hal_pcd_ex.c ****   if (ep_kind == PCD_SNG_BUF)
  50              		.loc 1 182 3 is_stmt 1 view .LVU8
  51 0010 99B2     		uxth	r1, r3
  52              		.loc 1 182 6 is_stmt 0 view .LVU9
  53 0012 1AB9     		cbnz	r2, .L4
 183:Drivers/STM32F1xx_HAL_Driver/Src/stm32f1xx_hal_pcd_ex.c ****   {
 184:Drivers/STM32F1xx_HAL_Driver/Src/stm32f1xx_hal_pcd_ex.c ****     /*Single Buffer*/
 185:Drivers/STM32F1xx_HAL_Driver/Src/stm32f1xx_hal_pcd_ex.c ****     ep->doublebuffer = 0U;
  54              		.loc 1 185 5 is_stmt 1 view .LVU10
  55              		.loc 1 185 22 is_stmt 0 view .LVU11
  56 0014 8272     		strb	r2, [r0, #10]
 186:Drivers/STM32F1xx_HAL_Driver/Src/stm32f1xx_hal_pcd_ex.c ****     /*Configure te PMA*/
 187:Drivers/STM32F1xx_HAL_Driver/Src/stm32f1xx_hal_pcd_ex.c ****     ep->pmaadress = (uint16_t)pmaadress;
  57              		.loc 1 187 5 is_stmt 1 view .LVU12
  58              		.loc 1 187 19 is_stmt 0 view .LVU13
  59 0016 8180     		strh	r1, [r0, #4]	@ movhi
 188:Drivers/STM32F1xx_HAL_Driver/Src/stm32f1xx_hal_pcd_ex.c ****   }
 189:Drivers/STM32F1xx_HAL_Driver/Src/stm32f1xx_hal_pcd_ex.c ****   else /*USB_DBL_BUF*/
 190:Drivers/STM32F1xx_HAL_Driver/Src/stm32f1xx_hal_pcd_ex.c ****   {
 191:Drivers/STM32F1xx_HAL_Driver/Src/stm32f1xx_hal_pcd_ex.c ****     /*Double Buffer Endpoint*/
 192:Drivers/STM32F1xx_HAL_Driver/Src/stm32f1xx_hal_pcd_ex.c ****     ep->doublebuffer = 1U;
 193:Drivers/STM32F1xx_HAL_Driver/Src/stm32f1xx_hal_pcd_ex.c ****     /*Configure the PMA*/
 194:Drivers/STM32F1xx_HAL_Driver/Src/stm32f1xx_hal_pcd_ex.c ****     ep->pmaaddr0 =  pmaadress & 0x0000FFFFU;
 195:Drivers/STM32F1xx_HAL_Driver/Src/stm32f1xx_hal_pcd_ex.c ****     ep->pmaaddr1 =  (pmaadress & 0xFFFF0000U) >> 16U;
 196:Drivers/STM32F1xx_HAL_Driver/Src/stm32f1xx_hal_pcd_ex.c ****   }
 197:Drivers/STM32F1xx_HAL_Driver/Src/stm32f1xx_hal_pcd_ex.c ****   
 198:Drivers/STM32F1xx_HAL_Driver/Src/stm32f1xx_hal_pcd_ex.c ****   return HAL_OK; 
  60              		.loc 1 198 3 is_stmt 1 view .LVU14
 199:Drivers/STM32F1xx_HAL_Driver/Src/stm32f1xx_hal_pcd_ex.c **** }
  61              		.loc 1 199 1 is_stmt 0 view .LVU15
  62 0018 0020     		movs	r0, #0
  63              	.LVL4:
  64              		.loc 1 199 1 view .LVU16
  65 001a 7047     		bx	lr
  66              	.LVL5:
  67              	.L4:
 192:Drivers/STM32F1xx_HAL_Driver/Src/stm32f1xx_hal_pcd_ex.c ****     /*Configure the PMA*/
  68              		.loc 1 192 5 is_stmt 1 view .LVU17
 192:Drivers/STM32F1xx_HAL_Driver/Src/stm32f1xx_hal_pcd_ex.c ****     /*Configure the PMA*/
  69              		.loc 1 192 22 is_stmt 0 view .LVU18
  70 001c 0122     		movs	r2, #1
  71              	.LVL6:
 195:Drivers/STM32F1xx_HAL_Driver/Src/stm32f1xx_hal_pcd_ex.c ****   }
  72              		.loc 1 195 47 view .LVU19
  73 001e 1B0C     		lsrs	r3, r3, #16
  74              	.LVL7:
 195:Drivers/STM32F1xx_HAL_Driver/Src/stm32f1xx_hal_pcd_ex.c ****   }
  75              		.loc 1 195 18 view .LVU20
  76 0020 0381     		strh	r3, [r0, #8]	@ movhi
 194:Drivers/STM32F1xx_HAL_Driver/Src/stm32f1xx_hal_pcd_ex.c ****     ep->pmaaddr1 =  (pmaadress & 0xFFFF0000U) >> 16U;
  77              		.loc 1 194 18 view .LVU21
  78 0022 C180     		strh	r1, [r0, #6]	@ movhi
 192:Drivers/STM32F1xx_HAL_Driver/Src/stm32f1xx_hal_pcd_ex.c ****     /*Configure the PMA*/
  79              		.loc 1 192 22 view .LVU22
  80 0024 8272     		strb	r2, [r0, #10]
 194:Drivers/STM32F1xx_HAL_Driver/Src/stm32f1xx_hal_pcd_ex.c ****     ep->pmaaddr1 =  (pmaadress & 0xFFFF0000U) >> 16U;
ARM GAS  C:\Users\Eemeli\AppData\Local\Temp\ccOmmUBL.s 			page 6


  81              		.loc 1 194 5 is_stmt 1 view .LVU23
 195:Drivers/STM32F1xx_HAL_Driver/Src/stm32f1xx_hal_pcd_ex.c ****   }
  82              		.loc 1 195 5 view .LVU24
 198:Drivers/STM32F1xx_HAL_Driver/Src/stm32f1xx_hal_pcd_ex.c **** }
  83              		.loc 1 198 3 view .LVU25
  84              		.loc 1 199 1 is_stmt 0 view .LVU26
  85 0026 0020     		movs	r0, #0
  86              	.LVL8:
  87              		.loc 1 199 1 view .LVU27
  88 0028 7047     		bx	lr
  89              	.LVL9:
  90              	.L2:
 178:Drivers/STM32F1xx_HAL_Driver/Src/stm32f1xx_hal_pcd_ex.c ****   }
  91              		.loc 1 178 5 is_stmt 1 view .LVU28
 178:Drivers/STM32F1xx_HAL_Driver/Src/stm32f1xx_hal_pcd_ex.c ****   }
  92              		.loc 1 178 8 is_stmt 0 view .LVU29
  93 002a 00EB4110 		add	r0, r0, r1, lsl #5
  94              	.LVL10:
 178:Drivers/STM32F1xx_HAL_Driver/Src/stm32f1xx_hal_pcd_ex.c ****   }
  95              		.loc 1 178 8 view .LVU30
  96 002e 00F50A70 		add	r0, r0, #552
  97              	.LVL11:
 178:Drivers/STM32F1xx_HAL_Driver/Src/stm32f1xx_hal_pcd_ex.c ****   }
  98              		.loc 1 178 8 view .LVU31
  99 0032 EDE7     		b	.L3
 100              		.cfi_endproc
 101              	.LFE66:
 103              		.section	.text.HAL_PCDEx_SetConnectionState,"ax",%progbits
 104              		.align	1
 105              		.p2align 2,,3
 106              		.weak	HAL_PCDEx_SetConnectionState
 107              		.syntax unified
 108              		.thumb
 109              		.thumb_func
 110              		.fpu softvfp
 112              	HAL_PCDEx_SetConnectionState:
 113              	.LVL12:
 114              	.LFB67:
 200:Drivers/STM32F1xx_HAL_Driver/Src/stm32f1xx_hal_pcd_ex.c **** #endif /* USB */
 201:Drivers/STM32F1xx_HAL_Driver/Src/stm32f1xx_hal_pcd_ex.c **** /**
 202:Drivers/STM32F1xx_HAL_Driver/Src/stm32f1xx_hal_pcd_ex.c ****   * @}
 203:Drivers/STM32F1xx_HAL_Driver/Src/stm32f1xx_hal_pcd_ex.c ****   */
 204:Drivers/STM32F1xx_HAL_Driver/Src/stm32f1xx_hal_pcd_ex.c **** 
 205:Drivers/STM32F1xx_HAL_Driver/Src/stm32f1xx_hal_pcd_ex.c **** /** @defgroup PCDEx_Exported_Functions_Group2 Peripheral State functions
 206:Drivers/STM32F1xx_HAL_Driver/Src/stm32f1xx_hal_pcd_ex.c ****   * @brief    Manage device connection state  
 207:Drivers/STM32F1xx_HAL_Driver/Src/stm32f1xx_hal_pcd_ex.c ****   * @{
 208:Drivers/STM32F1xx_HAL_Driver/Src/stm32f1xx_hal_pcd_ex.c ****   */
 209:Drivers/STM32F1xx_HAL_Driver/Src/stm32f1xx_hal_pcd_ex.c **** /**
 210:Drivers/STM32F1xx_HAL_Driver/Src/stm32f1xx_hal_pcd_ex.c ****   * @brief  Software Device Connection,  
 211:Drivers/STM32F1xx_HAL_Driver/Src/stm32f1xx_hal_pcd_ex.c ****   *         this function is not required by USB OTG FS peripheral, it is used 
 212:Drivers/STM32F1xx_HAL_Driver/Src/stm32f1xx_hal_pcd_ex.c ****   *         only by USB Device FS peripheral.
 213:Drivers/STM32F1xx_HAL_Driver/Src/stm32f1xx_hal_pcd_ex.c ****   * @param  hpcd: PCD handle
 214:Drivers/STM32F1xx_HAL_Driver/Src/stm32f1xx_hal_pcd_ex.c ****   * @param  state: connection state (0 : disconnected / 1: connected)
 215:Drivers/STM32F1xx_HAL_Driver/Src/stm32f1xx_hal_pcd_ex.c ****   * @retval None
 216:Drivers/STM32F1xx_HAL_Driver/Src/stm32f1xx_hal_pcd_ex.c ****   */
 217:Drivers/STM32F1xx_HAL_Driver/Src/stm32f1xx_hal_pcd_ex.c **** __weak void HAL_PCDEx_SetConnectionState(PCD_HandleTypeDef *hpcd, uint8_t state)
 218:Drivers/STM32F1xx_HAL_Driver/Src/stm32f1xx_hal_pcd_ex.c **** {
ARM GAS  C:\Users\Eemeli\AppData\Local\Temp\ccOmmUBL.s 			page 7


 115              		.loc 1 218 1 is_stmt 1 view -0
 116              		.cfi_startproc
 117              		@ args = 0, pretend = 0, frame = 0
 118              		@ frame_needed = 0, uses_anonymous_args = 0
 119              		@ link register save eliminated.
 219:Drivers/STM32F1xx_HAL_Driver/Src/stm32f1xx_hal_pcd_ex.c ****   /* Prevent unused argument(s) compilation warning */
 220:Drivers/STM32F1xx_HAL_Driver/Src/stm32f1xx_hal_pcd_ex.c ****   UNUSED(hpcd);
 120              		.loc 1 220 3 view .LVU33
 221:Drivers/STM32F1xx_HAL_Driver/Src/stm32f1xx_hal_pcd_ex.c ****   UNUSED(state);
 121              		.loc 1 221 3 view .LVU34
 222:Drivers/STM32F1xx_HAL_Driver/Src/stm32f1xx_hal_pcd_ex.c ****   /* NOTE : This function Should not be modified, when the callback is needed,
 223:Drivers/STM32F1xx_HAL_Driver/Src/stm32f1xx_hal_pcd_ex.c ****             the HAL_PCDEx_SetConnectionState could be implemented in the user file
 224:Drivers/STM32F1xx_HAL_Driver/Src/stm32f1xx_hal_pcd_ex.c ****    */ 
 225:Drivers/STM32F1xx_HAL_Driver/Src/stm32f1xx_hal_pcd_ex.c **** }
 122              		.loc 1 225 1 is_stmt 0 view .LVU35
 123 0000 7047     		bx	lr
 124              		.cfi_endproc
 125              	.LFE67:
 127 0002 00BF     		.text
 128              	.Letext0:
 129              		.file 2 "d:\\vsarm\\armcc\\arm-none-eabi\\include\\machine\\_default_types.h"
 130              		.file 3 "d:\\vsarm\\armcc\\arm-none-eabi\\include\\sys\\_stdint.h"
 131              		.file 4 "Drivers/CMSIS/Include/core_cm3.h"
 132              		.file 5 "Drivers/CMSIS/Device/ST/STM32F1xx/Include/system_stm32f1xx.h"
 133              		.file 6 "Drivers/CMSIS/Device/ST/STM32F1xx/Include/stm32f103xb.h"
 134              		.file 7 "d:\\vsarm\\armcc\\arm-none-eabi\\include\\sys\\lock.h"
 135              		.file 8 "d:\\vsarm\\armcc\\arm-none-eabi\\include\\sys\\_types.h"
 136              		.file 9 "d:\\vsarm\\armcc\\lib\\gcc\\arm-none-eabi\\8.2.1\\include\\stddef.h"
 137              		.file 10 "d:\\vsarm\\armcc\\arm-none-eabi\\include\\sys\\reent.h"
 138              		.file 11 "Drivers/STM32F1xx_HAL_Driver/Inc/stm32f1xx_hal_def.h"
 139              		.file 12 "Drivers/STM32F1xx_HAL_Driver/Inc/stm32f1xx_ll_usb.h"
 140              		.file 13 "Drivers/STM32F1xx_HAL_Driver/Inc/stm32f1xx_hal_pcd.h"
 141              		.file 14 "Drivers/STM32F1xx_HAL_Driver/Inc/stm32f1xx_hal.h"
ARM GAS  C:\Users\Eemeli\AppData\Local\Temp\ccOmmUBL.s 			page 8


DEFINED SYMBOLS
                            *ABS*:0000000000000000 stm32f1xx_hal_pcd_ex.c
C:\Users\Eemeli\AppData\Local\Temp\ccOmmUBL.s:16     .text.HAL_PCDEx_PMAConfig:0000000000000000 $t
C:\Users\Eemeli\AppData\Local\Temp\ccOmmUBL.s:25     .text.HAL_PCDEx_PMAConfig:0000000000000000 HAL_PCDEx_PMAConfig
C:\Users\Eemeli\AppData\Local\Temp\ccOmmUBL.s:104    .text.HAL_PCDEx_SetConnectionState:0000000000000000 $t
C:\Users\Eemeli\AppData\Local\Temp\ccOmmUBL.s:112    .text.HAL_PCDEx_SetConnectionState:0000000000000000 HAL_PCDEx_SetConnectionState

NO UNDEFINED SYMBOLS
